2024-07-22 23:34:51.012 WARN  org.apache.flink.runtime.util.HadoopUtils - Could not find Hadoop configuration via any of the supported methods (Flink configuration, environment variables).
2024-07-22 23:34:51.018 WARN  org.apache.flink.runtime.util.HadoopUtils - Could not find Hadoop configuration via any of the supported methods (Flink configuration, environment variables).
2024-07-22 23:34:51.270 WARN  org.apache.flink.runtime.security.token.DefaultDelegationTokenManager - No tokens obtained so skipping notifications
2024-07-22 23:34:51.994 WARN  org.apache.flink.runtime.webmonitor.WebMonitorUtils - Log file environment variable 'log.file' is not set.
2024-07-22 23:34:51.997 WARN  org.apache.flink.runtime.webmonitor.WebMonitorUtils - JobManager log files are unavailable in the web dashboard. Log file location not found in environment variable 'log.file' or configuration key 'web.log.path'.
2024-07-22 23:34:53.622 WARN  org.apache.flink.runtime.security.token.DefaultDelegationTokenManager - No tokens obtained so skipping notifications
2024-07-22 23:34:53.623 WARN  org.apache.flink.runtime.security.token.DefaultDelegationTokenManager - Tokens update task not started because either no tokens obtained or none of the tokens specified its renewal date
2024-07-22 23:52:28.563 WARN  org.apache.flink.runtime.taskmanager.Task - Source: Socket Stream -> Map -> Timestamps/Watermarks (1/1)#0 (00bc5c9c8b278ad510a589c77f792115_cbc357ccb763df2852fee8c4fc7d55f2_0_0) switched from RUNNING to FAILED with failure cause:
java.net.SocketException: Connection reset
	at java.net.SocketInputStream.read(SocketInputStream.java:210)
	at java.net.SocketInputStream.read(SocketInputStream.java:141)
	at sun.nio.cs.StreamDecoder.readBytes(StreamDecoder.java:284)
	at sun.nio.cs.StreamDecoder.implRead(StreamDecoder.java:326)
	at sun.nio.cs.StreamDecoder.read(StreamDecoder.java:178)
	at java.io.InputStreamReader.read(InputStreamReader.java:184)
	at java.io.BufferedReader.read1(BufferedReader.java:210)
	at java.io.BufferedReader.read(BufferedReader.java:286)
	at java.io.Reader.read(Reader.java:140)
	at org.apache.flink.streaming.api.functions.source.SocketTextStreamFunction.run(SocketTextStreamFunction.java:110)
	at org.apache.flink.streaming.api.operators.StreamSource.run(StreamSource.java:110)
	at org.apache.flink.streaming.api.operators.StreamSource.run(StreamSource.java:67)
	at org.apache.flink.streaming.runtime.tasks.SourceStreamTask$LegacySourceFunctionThread.run(SourceStreamTask.java:333)
2024-07-22 23:52:28.613 WARN  org.apache.flink.runtime.taskmanager.TaskManagerLocation - No hostname could be resolved for the IP address 127.0.0.1, using IP address as host name. Local input split assignment (such as for HDFS files) may be impacted.
