2024-06-30 15:29:45.164 WARN  org.apache.flink.runtime.util.HadoopUtils - Could not find Hadoop configuration via any of the supported methods (Flink configuration, environment variables).
2024-06-30 15:29:45.172 WARN  org.apache.flink.runtime.util.HadoopUtils - Could not find Hadoop configuration via any of the supported methods (Flink configuration, environment variables).
2024-06-30 15:29:45.464 WARN  org.apache.flink.runtime.security.token.DefaultDelegationTokenManager - No tokens obtained so skipping notifications
2024-06-30 15:29:46.272 WARN  org.apache.flink.runtime.webmonitor.WebMonitorUtils - Log file environment variable 'log.file' is not set.
2024-06-30 15:29:46.274 WARN  org.apache.flink.runtime.webmonitor.WebMonitorUtils - JobManager log files are unavailable in the web dashboard. Log file location not found in environment variable 'log.file' or configuration key 'web.log.path'.
2024-06-30 15:29:47.717 WARN  org.apache.flink.runtime.security.token.DefaultDelegationTokenManager - No tokens obtained so skipping notifications
2024-06-30 15:29:47.717 WARN  org.apache.flink.runtime.security.token.DefaultDelegationTokenManager - Tokens update task not started because either no tokens obtained or none of the tokens specified its renewal date
2024-06-30 15:35:41.082 WARN  org.apache.flink.runtime.taskmanager.Task - Source: Socket Stream (1/1)#0 (3f5a79e31a22dde844e11ef07bd1ce1c_bc764cd8ddf7a0cff126f51c16239658_0_0) switched from RUNNING to FAILED with failure cause:
java.net.SocketException: Connection reset
	at java.net.SocketInputStream.read(SocketInputStream.java:210)
	at java.net.SocketInputStream.read(SocketInputStream.java:141)
	at sun.nio.cs.StreamDecoder.readBytes(StreamDecoder.java:284)
	at sun.nio.cs.StreamDecoder.implRead(StreamDecoder.java:326)
	at sun.nio.cs.StreamDecoder.read(StreamDecoder.java:178)
	at java.io.InputStreamReader.read(InputStreamReader.java:184)
	at java.io.BufferedReader.read1(BufferedReader.java:210)
	at java.io.BufferedReader.read(BufferedReader.java:286)
	at java.io.Reader.read(Reader.java:140)
	at org.apache.flink.streaming.api.functions.source.SocketTextStreamFunction.run(SocketTextStreamFunction.java:110)
	at org.apache.flink.streaming.api.operators.StreamSource.run(StreamSource.java:110)
	at org.apache.flink.streaming.api.operators.StreamSource.run(StreamSource.java:67)
	at org.apache.flink.streaming.runtime.tasks.SourceStreamTask$LegacySourceFunctionThread.run(SourceStreamTask.java:333)
2024-06-30 15:35:41.169 WARN  org.apache.flink.runtime.taskmanager.TaskManagerLocation - No hostname could be resolved for the IP address 127.0.0.1, using IP address as host name. Local input split assignment (such as for HDFS files) may be impacted.
2024-06-30 15:48:35.021 WARN  org.apache.flink.runtime.util.HadoopUtils - Could not find Hadoop configuration via any of the supported methods (Flink configuration, environment variables).
2024-06-30 15:48:35.025 WARN  org.apache.flink.runtime.util.HadoopUtils - Could not find Hadoop configuration via any of the supported methods (Flink configuration, environment variables).
2024-06-30 15:48:35.270 WARN  org.apache.flink.runtime.security.token.DefaultDelegationTokenManager - No tokens obtained so skipping notifications
2024-06-30 15:48:36.184 WARN  org.apache.flink.runtime.webmonitor.WebMonitorUtils - Log file environment variable 'log.file' is not set.
2024-06-30 15:48:36.187 WARN  org.apache.flink.runtime.webmonitor.WebMonitorUtils - JobManager log files are unavailable in the web dashboard. Log file location not found in environment variable 'log.file' or configuration key 'web.log.path'.
2024-06-30 15:48:37.646 WARN  org.apache.flink.runtime.security.token.DefaultDelegationTokenManager - No tokens obtained so skipping notifications
2024-06-30 15:48:37.646 WARN  org.apache.flink.runtime.security.token.DefaultDelegationTokenManager - Tokens update task not started because either no tokens obtained or none of the tokens specified its renewal date
2024-06-30 15:52:11.063 WARN  org.apache.flink.runtime.taskmanager.Task - Source: Socket Stream (1/1)#0 (996aff5b0dbd1c3349cfbe0bfdaf5e98_bc764cd8ddf7a0cff126f51c16239658_0_0) switched from RUNNING to FAILED with failure cause:
java.net.SocketException: Connection reset
	at java.net.SocketInputStream.read(SocketInputStream.java:210)
	at java.net.SocketInputStream.read(SocketInputStream.java:141)
	at sun.nio.cs.StreamDecoder.readBytes(StreamDecoder.java:284)
	at sun.nio.cs.StreamDecoder.implRead(StreamDecoder.java:326)
	at sun.nio.cs.StreamDecoder.read(StreamDecoder.java:178)
	at java.io.InputStreamReader.read(InputStreamReader.java:184)
	at java.io.BufferedReader.read1(BufferedReader.java:210)
	at java.io.BufferedReader.read(BufferedReader.java:286)
	at java.io.Reader.read(Reader.java:140)
	at org.apache.flink.streaming.api.functions.source.SocketTextStreamFunction.run(SocketTextStreamFunction.java:110)
	at org.apache.flink.streaming.api.operators.StreamSource.run(StreamSource.java:110)
	at org.apache.flink.streaming.api.operators.StreamSource.run(StreamSource.java:67)
	at org.apache.flink.streaming.runtime.tasks.SourceStreamTask$LegacySourceFunctionThread.run(SourceStreamTask.java:333)
2024-06-30 15:52:11.130 WARN  org.apache.flink.runtime.taskmanager.TaskManagerLocation - No hostname could be resolved for the IP address 127.0.0.1, using IP address as host name. Local input split assignment (such as for HDFS files) may be impacted.
2024-06-30 15:57:13.225 WARN  org.apache.flink.runtime.util.HadoopUtils - Could not find Hadoop configuration via any of the supported methods (Flink configuration, environment variables).
2024-06-30 15:57:13.230 WARN  org.apache.flink.runtime.util.HadoopUtils - Could not find Hadoop configuration via any of the supported methods (Flink configuration, environment variables).
2024-06-30 15:57:13.577 WARN  org.apache.flink.runtime.security.token.DefaultDelegationTokenManager - No tokens obtained so skipping notifications
2024-06-30 15:57:14.347 WARN  org.apache.flink.runtime.webmonitor.WebMonitorUtils - Log file environment variable 'log.file' is not set.
2024-06-30 15:57:14.349 WARN  org.apache.flink.runtime.webmonitor.WebMonitorUtils - JobManager log files are unavailable in the web dashboard. Log file location not found in environment variable 'log.file' or configuration key 'web.log.path'.
2024-06-30 15:57:15.972 WARN  org.apache.flink.runtime.security.token.DefaultDelegationTokenManager - No tokens obtained so skipping notifications
2024-06-30 15:57:15.972 WARN  org.apache.flink.runtime.security.token.DefaultDelegationTokenManager - Tokens update task not started because either no tokens obtained or none of the tokens specified its renewal date
2024-06-30 16:10:47.212 WARN  org.apache.flink.runtime.util.HadoopUtils - Could not find Hadoop configuration via any of the supported methods (Flink configuration, environment variables).
2024-06-30 16:10:47.218 WARN  org.apache.flink.runtime.util.HadoopUtils - Could not find Hadoop configuration via any of the supported methods (Flink configuration, environment variables).
2024-06-30 16:10:47.503 WARN  org.apache.flink.runtime.security.token.DefaultDelegationTokenManager - No tokens obtained so skipping notifications
2024-06-30 16:10:48.387 WARN  org.apache.flink.runtime.webmonitor.WebMonitorUtils - Log file environment variable 'log.file' is not set.
2024-06-30 16:10:48.390 WARN  org.apache.flink.runtime.webmonitor.WebMonitorUtils - JobManager log files are unavailable in the web dashboard. Log file location not found in environment variable 'log.file' or configuration key 'web.log.path'.
2024-06-30 16:10:50.028 WARN  org.apache.flink.runtime.security.token.DefaultDelegationTokenManager - No tokens obtained so skipping notifications
2024-06-30 16:10:50.029 WARN  org.apache.flink.runtime.security.token.DefaultDelegationTokenManager - Tokens update task not started because either no tokens obtained or none of the tokens specified its renewal date
2024-06-30 22:09:28.057 WARN  org.apache.flink.runtime.taskmanager.Task - TumblingProcessingTimeWindows -> Sink: Print to Std. Out (2/8)#0 (6299fe51127d8b5a8f5bd9c0cab73eb7_e70bbd798b564e0a50e10e343f1ac56b_1_0) switched from RUNNING to FAILED with failure cause:
org.apache.flink.util.FlinkException: Disconnect from JobManager responsible for 2f495fba586c75bfab397b49c7b4549e.
	at org.apache.flink.runtime.taskexecutor.TaskExecutor.disconnectJobManagerConnection(TaskExecutor.java:1757)
	at org.apache.flink.runtime.taskexecutor.TaskExecutor.disconnectAndTryReconnectToJobManager(TaskExecutor.java:1299)
	at org.apache.flink.runtime.taskexecutor.TaskExecutor.access$4200(TaskExecutor.java:186)
	at org.apache.flink.runtime.taskexecutor.TaskExecutor$JobManagerHeartbeatListener.lambda$handleJobManagerConnectionLoss$0(TaskExecutor.java:2536)
	at java.util.Optional.ifPresent(Optional.java:159)
	at org.apache.flink.runtime.taskexecutor.TaskExecutor$JobManagerHeartbeatListener.handleJobManagerConnectionLoss(TaskExecutor.java:2534)
	at org.apache.flink.runtime.taskexecutor.TaskExecutor$JobManagerHeartbeatListener.notifyHeartbeatTimeout(TaskExecutor.java:2517)
	at org.apache.flink.runtime.heartbeat.DefaultHeartbeatMonitor.run(DefaultHeartbeatMonitor.java:158)
	at java.util.concurrent.Executors$RunnableAdapter.call(Executors.java:511)
	at java.util.concurrent.FutureTask.run(FutureTask.java:266)
	at org.apache.flink.runtime.rpc.akka.AkkaRpcActor.lambda$handleRunAsync$4(AkkaRpcActor.java:453)
	at org.apache.flink.runtime.concurrent.akka.ClassLoadingUtils.runWithContextClassLoader(ClassLoadingUtils.java:68)
	at org.apache.flink.runtime.rpc.akka.AkkaRpcActor.handleRunAsync(AkkaRpcActor.java:453)
	at org.apache.flink.runtime.rpc.akka.AkkaRpcActor.handleRpcMessage(AkkaRpcActor.java:218)
	at org.apache.flink.runtime.rpc.akka.AkkaRpcActor.handleMessage(AkkaRpcActor.java:168)
	at akka.japi.pf.UnitCaseStatement.apply(CaseStatements.scala:24)
	at akka.japi.pf.UnitCaseStatement.apply(CaseStatements.scala:20)
	at scala.PartialFunction.applyOrElse(PartialFunction.scala:127)
	at scala.PartialFunction.applyOrElse$(PartialFunction.scala:126)
	at akka.japi.pf.UnitCaseStatement.applyOrElse(CaseStatements.scala:20)
	at scala.PartialFunction$OrElse.applyOrElse(PartialFunction.scala:175)
	at scala.PartialFunction$OrElse.applyOrElse(PartialFunction.scala:176)
	at scala.PartialFunction$OrElse.applyOrElse(PartialFunction.scala:176)
	at akka.actor.Actor.aroundReceive(Actor.scala:537)
	at akka.actor.Actor.aroundReceive$(Actor.scala:535)
	at akka.actor.AbstractActor.aroundReceive(AbstractActor.scala:220)
	at akka.actor.ActorCell.receiveMessage(ActorCell.scala:579)
	at akka.actor.ActorCell.invoke(ActorCell.scala:547)
	at akka.dispatch.Mailbox.processMailbox(Mailbox.scala:270)
	at akka.dispatch.Mailbox.run(Mailbox.scala:231)
	at akka.dispatch.Mailbox.exec(Mailbox.scala:243)
	at java.util.concurrent.ForkJoinTask.doExec(ForkJoinTask.java:289)
	at java.util.concurrent.ForkJoinPool$WorkQueue.runTask(ForkJoinPool.java:1056)
	at java.util.concurrent.ForkJoinPool.runWorker(ForkJoinPool.java:1692)
	at java.util.concurrent.ForkJoinWorkerThread.run(ForkJoinWorkerThread.java:157)
Caused by: java.util.concurrent.TimeoutException: The heartbeat of JobManager with id 19299f2a6c15e1649a4a09b108130963 timed out.
	... 29 common frames omitted
2024-06-30 22:09:28.062 WARN  org.apache.flink.runtime.taskmanager.Task - Map (2/8)#0 (6299fe51127d8b5a8f5bd9c0cab73eb7_0a448493b4782967b150582570326227_1_0) switched from RUNNING to FAILED with failure cause:
org.apache.flink.util.FlinkException: Disconnect from JobManager responsible for 2f495fba586c75bfab397b49c7b4549e.
	at org.apache.flink.runtime.taskexecutor.TaskExecutor.disconnectJobManagerConnection(TaskExecutor.java:1757)
	at org.apache.flink.runtime.taskexecutor.TaskExecutor.disconnectAndTryReconnectToJobManager(TaskExecutor.java:1299)
	at org.apache.flink.runtime.taskexecutor.TaskExecutor.access$4200(TaskExecutor.java:186)
	at org.apache.flink.runtime.taskexecutor.TaskExecutor$JobManagerHeartbeatListener.lambda$handleJobManagerConnectionLoss$0(TaskExecutor.java:2536)
	at java.util.Optional.ifPresent(Optional.java:159)
	at org.apache.flink.runtime.taskexecutor.TaskExecutor$JobManagerHeartbeatListener.handleJobManagerConnectionLoss(TaskExecutor.java:2534)
	at org.apache.flink.runtime.taskexecutor.TaskExecutor$JobManagerHeartbeatListener.notifyHeartbeatTimeout(TaskExecutor.java:2517)
	at org.apache.flink.runtime.heartbeat.DefaultHeartbeatMonitor.run(DefaultHeartbeatMonitor.java:158)
	at java.util.concurrent.Executors$RunnableAdapter.call(Executors.java:511)
	at java.util.concurrent.FutureTask.run(FutureTask.java:266)
	at org.apache.flink.runtime.rpc.akka.AkkaRpcActor.lambda$handleRunAsync$4(AkkaRpcActor.java:453)
	at org.apache.flink.runtime.concurrent.akka.ClassLoadingUtils.runWithContextClassLoader(ClassLoadingUtils.java:68)
	at org.apache.flink.runtime.rpc.akka.AkkaRpcActor.handleRunAsync(AkkaRpcActor.java:453)
	at org.apache.flink.runtime.rpc.akka.AkkaRpcActor.handleRpcMessage(AkkaRpcActor.java:218)
	at org.apache.flink.runtime.rpc.akka.AkkaRpcActor.handleMessage(AkkaRpcActor.java:168)
	at akka.japi.pf.UnitCaseStatement.apply(CaseStatements.scala:24)
	at akka.japi.pf.UnitCaseStatement.apply(CaseStatements.scala:20)
	at scala.PartialFunction.applyOrElse(PartialFunction.scala:127)
	at scala.PartialFunction.applyOrElse$(PartialFunction.scala:126)
	at akka.japi.pf.UnitCaseStatement.applyOrElse(CaseStatements.scala:20)
	at scala.PartialFunction$OrElse.applyOrElse(PartialFunction.scala:175)
	at scala.PartialFunction$OrElse.applyOrElse(PartialFunction.scala:176)
	at scala.PartialFunction$OrElse.applyOrElse(PartialFunction.scala:176)
	at akka.actor.Actor.aroundReceive(Actor.scala:537)
	at akka.actor.Actor.aroundReceive$(Actor.scala:535)
	at akka.actor.AbstractActor.aroundReceive(AbstractActor.scala:220)
	at akka.actor.ActorCell.receiveMessage(ActorCell.scala:579)
	at akka.actor.ActorCell.invoke(ActorCell.scala:547)
	at akka.dispatch.Mailbox.processMailbox(Mailbox.scala:270)
	at akka.dispatch.Mailbox.run(Mailbox.scala:231)
	at akka.dispatch.Mailbox.exec(Mailbox.scala:243)
	at java.util.concurrent.ForkJoinTask.doExec(ForkJoinTask.java:289)
	at java.util.concurrent.ForkJoinPool$WorkQueue.runTask(ForkJoinPool.java:1056)
	at java.util.concurrent.ForkJoinPool.runWorker(ForkJoinPool.java:1692)
	at java.util.concurrent.ForkJoinWorkerThread.run(ForkJoinWorkerThread.java:157)
Caused by: java.util.concurrent.TimeoutException: The heartbeat of JobManager with id 19299f2a6c15e1649a4a09b108130963 timed out.
	... 29 common frames omitted
2024-06-30 22:09:28.063 WARN  org.apache.flink.runtime.taskmanager.Task - Map (4/8)#0 (6299fe51127d8b5a8f5bd9c0cab73eb7_0a448493b4782967b150582570326227_3_0) switched from RUNNING to FAILED with failure cause:
org.apache.flink.util.FlinkException: Disconnect from JobManager responsible for 2f495fba586c75bfab397b49c7b4549e.
	at org.apache.flink.runtime.taskexecutor.TaskExecutor.disconnectJobManagerConnection(TaskExecutor.java:1757)
	at org.apache.flink.runtime.taskexecutor.TaskExecutor.disconnectAndTryReconnectToJobManager(TaskExecutor.java:1299)
	at org.apache.flink.runtime.taskexecutor.TaskExecutor.access$4200(TaskExecutor.java:186)
	at org.apache.flink.runtime.taskexecutor.TaskExecutor$JobManagerHeartbeatListener.lambda$handleJobManagerConnectionLoss$0(TaskExecutor.java:2536)
	at java.util.Optional.ifPresent(Optional.java:159)
	at org.apache.flink.runtime.taskexecutor.TaskExecutor$JobManagerHeartbeatListener.handleJobManagerConnectionLoss(TaskExecutor.java:2534)
	at org.apache.flink.runtime.taskexecutor.TaskExecutor$JobManagerHeartbeatListener.notifyHeartbeatTimeout(TaskExecutor.java:2517)
	at org.apache.flink.runtime.heartbeat.DefaultHeartbeatMonitor.run(DefaultHeartbeatMonitor.java:158)
	at java.util.concurrent.Executors$RunnableAdapter.call(Executors.java:511)
	at java.util.concurrent.FutureTask.run(FutureTask.java:266)
	at org.apache.flink.runtime.rpc.akka.AkkaRpcActor.lambda$handleRunAsync$4(AkkaRpcActor.java:453)
	at org.apache.flink.runtime.concurrent.akka.ClassLoadingUtils.runWithContextClassLoader(ClassLoadingUtils.java:68)
	at org.apache.flink.runtime.rpc.akka.AkkaRpcActor.handleRunAsync(AkkaRpcActor.java:453)
	at org.apache.flink.runtime.rpc.akka.AkkaRpcActor.handleRpcMessage(AkkaRpcActor.java:218)
	at org.apache.flink.runtime.rpc.akka.AkkaRpcActor.handleMessage(AkkaRpcActor.java:168)
	at akka.japi.pf.UnitCaseStatement.apply(CaseStatements.scala:24)
	at akka.japi.pf.UnitCaseStatement.apply(CaseStatements.scala:20)
	at scala.PartialFunction.applyOrElse(PartialFunction.scala:127)
	at scala.PartialFunction.applyOrElse$(PartialFunction.scala:126)
	at akka.japi.pf.UnitCaseStatement.applyOrElse(CaseStatements.scala:20)
	at scala.PartialFunction$OrElse.applyOrElse(PartialFunction.scala:175)
	at scala.PartialFunction$OrElse.applyOrElse(PartialFunction.scala:176)
	at scala.PartialFunction$OrElse.applyOrElse(PartialFunction.scala:176)
	at akka.actor.Actor.aroundReceive(Actor.scala:537)
	at akka.actor.Actor.aroundReceive$(Actor.scala:535)
	at akka.actor.AbstractActor.aroundReceive(AbstractActor.scala:220)
	at akka.actor.ActorCell.receiveMessage(ActorCell.scala:579)
	at akka.actor.ActorCell.invoke(ActorCell.scala:547)
	at akka.dispatch.Mailbox.processMailbox(Mailbox.scala:270)
	at akka.dispatch.Mailbox.run(Mailbox.scala:231)
	at akka.dispatch.Mailbox.exec(Mailbox.scala:243)
	at java.util.concurrent.ForkJoinTask.doExec(ForkJoinTask.java:289)
	at java.util.concurrent.ForkJoinPool$WorkQueue.runTask(ForkJoinPool.java:1056)
	at java.util.concurrent.ForkJoinPool.runWorker(ForkJoinPool.java:1692)
	at java.util.concurrent.ForkJoinWorkerThread.run(ForkJoinWorkerThread.java:157)
Caused by: java.util.concurrent.TimeoutException: The heartbeat of JobManager with id 19299f2a6c15e1649a4a09b108130963 timed out.
	... 29 common frames omitted
2024-06-30 22:09:28.064 WARN  org.apache.flink.runtime.taskmanager.Task - TumblingProcessingTimeWindows -> Sink: Print to Std. Out (4/8)#0 (6299fe51127d8b5a8f5bd9c0cab73eb7_e70bbd798b564e0a50e10e343f1ac56b_3_0) switched from RUNNING to FAILED with failure cause:
org.apache.flink.util.FlinkException: Disconnect from JobManager responsible for 2f495fba586c75bfab397b49c7b4549e.
	at org.apache.flink.runtime.taskexecutor.TaskExecutor.disconnectJobManagerConnection(TaskExecutor.java:1757)
	at org.apache.flink.runtime.taskexecutor.TaskExecutor.disconnectAndTryReconnectToJobManager(TaskExecutor.java:1299)
	at org.apache.flink.runtime.taskexecutor.TaskExecutor.access$4200(TaskExecutor.java:186)
	at org.apache.flink.runtime.taskexecutor.TaskExecutor$JobManagerHeartbeatListener.lambda$handleJobManagerConnectionLoss$0(TaskExecutor.java:2536)
	at java.util.Optional.ifPresent(Optional.java:159)
	at org.apache.flink.runtime.taskexecutor.TaskExecutor$JobManagerHeartbeatListener.handleJobManagerConnectionLoss(TaskExecutor.java:2534)
	at org.apache.flink.runtime.taskexecutor.TaskExecutor$JobManagerHeartbeatListener.notifyHeartbeatTimeout(TaskExecutor.java:2517)
	at org.apache.flink.runtime.heartbeat.DefaultHeartbeatMonitor.run(DefaultHeartbeatMonitor.java:158)
	at java.util.concurrent.Executors$RunnableAdapter.call(Executors.java:511)
	at java.util.concurrent.FutureTask.run(FutureTask.java:266)
	at org.apache.flink.runtime.rpc.akka.AkkaRpcActor.lambda$handleRunAsync$4(AkkaRpcActor.java:453)
	at org.apache.flink.runtime.concurrent.akka.ClassLoadingUtils.runWithContextClassLoader(ClassLoadingUtils.java:68)
	at org.apache.flink.runtime.rpc.akka.AkkaRpcActor.handleRunAsync(AkkaRpcActor.java:453)
	at org.apache.flink.runtime.rpc.akka.AkkaRpcActor.handleRpcMessage(AkkaRpcActor.java:218)
	at org.apache.flink.runtime.rpc.akka.AkkaRpcActor.handleMessage(AkkaRpcActor.java:168)
	at akka.japi.pf.UnitCaseStatement.apply(CaseStatements.scala:24)
	at akka.japi.pf.UnitCaseStatement.apply(CaseStatements.scala:20)
	at scala.PartialFunction.applyOrElse(PartialFunction.scala:127)
	at scala.PartialFunction.applyOrElse$(PartialFunction.scala:126)
	at akka.japi.pf.UnitCaseStatement.applyOrElse(CaseStatements.scala:20)
	at scala.PartialFunction$OrElse.applyOrElse(PartialFunction.scala:175)
	at scala.PartialFunction$OrElse.applyOrElse(PartialFunction.scala:176)
	at scala.PartialFunction$OrElse.applyOrElse(PartialFunction.scala:176)
	at akka.actor.Actor.aroundReceive(Actor.scala:537)
	at akka.actor.Actor.aroundReceive$(Actor.scala:535)
	at akka.actor.AbstractActor.aroundReceive(AbstractActor.scala:220)
	at akka.actor.ActorCell.receiveMessage(ActorCell.scala:579)
	at akka.actor.ActorCell.invoke(ActorCell.scala:547)
	at akka.dispatch.Mailbox.processMailbox(Mailbox.scala:270)
	at akka.dispatch.Mailbox.run(Mailbox.scala:231)
	at akka.dispatch.Mailbox.exec(Mailbox.scala:243)
	at java.util.concurrent.ForkJoinTask.doExec(ForkJoinTask.java:289)
	at java.util.concurrent.ForkJoinPool$WorkQueue.runTask(ForkJoinPool.java:1056)
	at java.util.concurrent.ForkJoinPool.runWorker(ForkJoinPool.java:1692)
	at java.util.concurrent.ForkJoinWorkerThread.run(ForkJoinWorkerThread.java:157)
Caused by: java.util.concurrent.TimeoutException: The heartbeat of JobManager with id 19299f2a6c15e1649a4a09b108130963 timed out.
	... 29 common frames omitted
2024-06-30 22:09:28.065 WARN  org.apache.flink.runtime.taskmanager.Task - TumblingProcessingTimeWindows -> Sink: Print to Std. Out (6/8)#0 (6299fe51127d8b5a8f5bd9c0cab73eb7_e70bbd798b564e0a50e10e343f1ac56b_5_0) switched from RUNNING to FAILED with failure cause:
org.apache.flink.util.FlinkException: Disconnect from JobManager responsible for 2f495fba586c75bfab397b49c7b4549e.
	at org.apache.flink.runtime.taskexecutor.TaskExecutor.disconnectJobManagerConnection(TaskExecutor.java:1757)
	at org.apache.flink.runtime.taskexecutor.TaskExecutor.disconnectAndTryReconnectToJobManager(TaskExecutor.java:1299)
	at org.apache.flink.runtime.taskexecutor.TaskExecutor.access$4200(TaskExecutor.java:186)
	at org.apache.flink.runtime.taskexecutor.TaskExecutor$JobManagerHeartbeatListener.lambda$handleJobManagerConnectionLoss$0(TaskExecutor.java:2536)
	at java.util.Optional.ifPresent(Optional.java:159)
	at org.apache.flink.runtime.taskexecutor.TaskExecutor$JobManagerHeartbeatListener.handleJobManagerConnectionLoss(TaskExecutor.java:2534)
	at org.apache.flink.runtime.taskexecutor.TaskExecutor$JobManagerHeartbeatListener.notifyHeartbeatTimeout(TaskExecutor.java:2517)
	at org.apache.flink.runtime.heartbeat.DefaultHeartbeatMonitor.run(DefaultHeartbeatMonitor.java:158)
	at java.util.concurrent.Executors$RunnableAdapter.call(Executors.java:511)
	at java.util.concurrent.FutureTask.run(FutureTask.java:266)
	at org.apache.flink.runtime.rpc.akka.AkkaRpcActor.lambda$handleRunAsync$4(AkkaRpcActor.java:453)
	at org.apache.flink.runtime.concurrent.akka.ClassLoadingUtils.runWithContextClassLoader(ClassLoadingUtils.java:68)
	at org.apache.flink.runtime.rpc.akka.AkkaRpcActor.handleRunAsync(AkkaRpcActor.java:453)
	at org.apache.flink.runtime.rpc.akka.AkkaRpcActor.handleRpcMessage(AkkaRpcActor.java:218)
	at org.apache.flink.runtime.rpc.akka.AkkaRpcActor.handleMessage(AkkaRpcActor.java:168)
	at akka.japi.pf.UnitCaseStatement.apply(CaseStatements.scala:24)
	at akka.japi.pf.UnitCaseStatement.apply(CaseStatements.scala:20)
	at scala.PartialFunction.applyOrElse(PartialFunction.scala:127)
	at scala.PartialFunction.applyOrElse$(PartialFunction.scala:126)
	at akka.japi.pf.UnitCaseStatement.applyOrElse(CaseStatements.scala:20)
	at scala.PartialFunction$OrElse.applyOrElse(PartialFunction.scala:175)
	at scala.PartialFunction$OrElse.applyOrElse(PartialFunction.scala:176)
	at scala.PartialFunction$OrElse.applyOrElse(PartialFunction.scala:176)
	at akka.actor.Actor.aroundReceive(Actor.scala:537)
	at akka.actor.Actor.aroundReceive$(Actor.scala:535)
	at akka.actor.AbstractActor.aroundReceive(AbstractActor.scala:220)
	at akka.actor.ActorCell.receiveMessage(ActorCell.scala:579)
	at akka.actor.ActorCell.invoke(ActorCell.scala:547)
	at akka.dispatch.Mailbox.processMailbox(Mailbox.scala:270)
	at akka.dispatch.Mailbox.run(Mailbox.scala:231)
	at akka.dispatch.Mailbox.exec(Mailbox.scala:243)
	at java.util.concurrent.ForkJoinTask.doExec(ForkJoinTask.java:289)
	at java.util.concurrent.ForkJoinPool$WorkQueue.runTask(ForkJoinPool.java:1056)
	at java.util.concurrent.ForkJoinPool.runWorker(ForkJoinPool.java:1692)
	at java.util.concurrent.ForkJoinWorkerThread.run(ForkJoinWorkerThread.java:157)
Caused by: java.util.concurrent.TimeoutException: The heartbeat of JobManager with id 19299f2a6c15e1649a4a09b108130963 timed out.
	... 29 common frames omitted
2024-06-30 22:09:28.068 WARN  org.apache.flink.runtime.taskmanager.Task - Map (6/8)#0 (6299fe51127d8b5a8f5bd9c0cab73eb7_0a448493b4782967b150582570326227_5_0) switched from RUNNING to FAILED with failure cause:
org.apache.flink.util.FlinkException: Disconnect from JobManager responsible for 2f495fba586c75bfab397b49c7b4549e.
	at org.apache.flink.runtime.taskexecutor.TaskExecutor.disconnectJobManagerConnection(TaskExecutor.java:1757)
	at org.apache.flink.runtime.taskexecutor.TaskExecutor.disconnectAndTryReconnectToJobManager(TaskExecutor.java:1299)
	at org.apache.flink.runtime.taskexecutor.TaskExecutor.access$4200(TaskExecutor.java:186)
	at org.apache.flink.runtime.taskexecutor.TaskExecutor$JobManagerHeartbeatListener.lambda$handleJobManagerConnectionLoss$0(TaskExecutor.java:2536)
	at java.util.Optional.ifPresent(Optional.java:159)
	at org.apache.flink.runtime.taskexecutor.TaskExecutor$JobManagerHeartbeatListener.handleJobManagerConnectionLoss(TaskExecutor.java:2534)
	at org.apache.flink.runtime.taskexecutor.TaskExecutor$JobManagerHeartbeatListener.notifyHeartbeatTimeout(TaskExecutor.java:2517)
	at org.apache.flink.runtime.heartbeat.DefaultHeartbeatMonitor.run(DefaultHeartbeatMonitor.java:158)
	at java.util.concurrent.Executors$RunnableAdapter.call(Executors.java:511)
	at java.util.concurrent.FutureTask.run(FutureTask.java:266)
	at org.apache.flink.runtime.rpc.akka.AkkaRpcActor.lambda$handleRunAsync$4(AkkaRpcActor.java:453)
	at org.apache.flink.runtime.concurrent.akka.ClassLoadingUtils.runWithContextClassLoader(ClassLoadingUtils.java:68)
	at org.apache.flink.runtime.rpc.akka.AkkaRpcActor.handleRunAsync(AkkaRpcActor.java:453)
	at org.apache.flink.runtime.rpc.akka.AkkaRpcActor.handleRpcMessage(AkkaRpcActor.java:218)
	at org.apache.flink.runtime.rpc.akka.AkkaRpcActor.handleMessage(AkkaRpcActor.java:168)
	at akka.japi.pf.UnitCaseStatement.apply(CaseStatements.scala:24)
	at akka.japi.pf.UnitCaseStatement.apply(CaseStatements.scala:20)
	at scala.PartialFunction.applyOrElse(PartialFunction.scala:127)
	at scala.PartialFunction.applyOrElse$(PartialFunction.scala:126)
	at akka.japi.pf.UnitCaseStatement.applyOrElse(CaseStatements.scala:20)
	at scala.PartialFunction$OrElse.applyOrElse(PartialFunction.scala:175)
	at scala.PartialFunction$OrElse.applyOrElse(PartialFunction.scala:176)
	at scala.PartialFunction$OrElse.applyOrElse(PartialFunction.scala:176)
	at akka.actor.Actor.aroundReceive(Actor.scala:537)
	at akka.actor.Actor.aroundReceive$(Actor.scala:535)
	at akka.actor.AbstractActor.aroundReceive(AbstractActor.scala:220)
	at akka.actor.ActorCell.receiveMessage(ActorCell.scala:579)
	at akka.actor.ActorCell.invoke(ActorCell.scala:547)
	at akka.dispatch.Mailbox.processMailbox(Mailbox.scala:270)
	at akka.dispatch.Mailbox.run(Mailbox.scala:231)
	at akka.dispatch.Mailbox.exec(Mailbox.scala:243)
	at java.util.concurrent.ForkJoinTask.doExec(ForkJoinTask.java:289)
	at java.util.concurrent.ForkJoinPool$WorkQueue.runTask(ForkJoinPool.java:1056)
	at java.util.concurrent.ForkJoinPool.runWorker(ForkJoinPool.java:1692)
	at java.util.concurrent.ForkJoinWorkerThread.run(ForkJoinWorkerThread.java:157)
Caused by: java.util.concurrent.TimeoutException: The heartbeat of JobManager with id 19299f2a6c15e1649a4a09b108130963 timed out.
	... 29 common frames omitted
2024-06-30 22:09:28.070 WARN  org.apache.flink.runtime.taskmanager.Task - Map (7/8)#0 (6299fe51127d8b5a8f5bd9c0cab73eb7_0a448493b4782967b150582570326227_6_0) switched from RUNNING to FAILED with failure cause:
org.apache.flink.util.FlinkException: Disconnect from JobManager responsible for 2f495fba586c75bfab397b49c7b4549e.
	at org.apache.flink.runtime.taskexecutor.TaskExecutor.disconnectJobManagerConnection(TaskExecutor.java:1757)
	at org.apache.flink.runtime.taskexecutor.TaskExecutor.disconnectAndTryReconnectToJobManager(TaskExecutor.java:1299)
	at org.apache.flink.runtime.taskexecutor.TaskExecutor.access$4200(TaskExecutor.java:186)
	at org.apache.flink.runtime.taskexecutor.TaskExecutor$JobManagerHeartbeatListener.lambda$handleJobManagerConnectionLoss$0(TaskExecutor.java:2536)
	at java.util.Optional.ifPresent(Optional.java:159)
	at org.apache.flink.runtime.taskexecutor.TaskExecutor$JobManagerHeartbeatListener.handleJobManagerConnectionLoss(TaskExecutor.java:2534)
	at org.apache.flink.runtime.taskexecutor.TaskExecutor$JobManagerHeartbeatListener.notifyHeartbeatTimeout(TaskExecutor.java:2517)
	at org.apache.flink.runtime.heartbeat.DefaultHeartbeatMonitor.run(DefaultHeartbeatMonitor.java:158)
	at java.util.concurrent.Executors$RunnableAdapter.call(Executors.java:511)
	at java.util.concurrent.FutureTask.run(FutureTask.java:266)
	at org.apache.flink.runtime.rpc.akka.AkkaRpcActor.lambda$handleRunAsync$4(AkkaRpcActor.java:453)
	at org.apache.flink.runtime.concurrent.akka.ClassLoadingUtils.runWithContextClassLoader(ClassLoadingUtils.java:68)
	at org.apache.flink.runtime.rpc.akka.AkkaRpcActor.handleRunAsync(AkkaRpcActor.java:453)
	at org.apache.flink.runtime.rpc.akka.AkkaRpcActor.handleRpcMessage(AkkaRpcActor.java:218)
	at org.apache.flink.runtime.rpc.akka.AkkaRpcActor.handleMessage(AkkaRpcActor.java:168)
	at akka.japi.pf.UnitCaseStatement.apply(CaseStatements.scala:24)
	at akka.japi.pf.UnitCaseStatement.apply(CaseStatements.scala:20)
	at scala.PartialFunction.applyOrElse(PartialFunction.scala:127)
	at scala.PartialFunction.applyOrElse$(PartialFunction.scala:126)
	at akka.japi.pf.UnitCaseStatement.applyOrElse(CaseStatements.scala:20)
	at scala.PartialFunction$OrElse.applyOrElse(PartialFunction.scala:175)
	at scala.PartialFunction$OrElse.applyOrElse(PartialFunction.scala:176)
	at scala.PartialFunction$OrElse.applyOrElse(PartialFunction.scala:176)
	at akka.actor.Actor.aroundReceive(Actor.scala:537)
	at akka.actor.Actor.aroundReceive$(Actor.scala:535)
	at akka.actor.AbstractActor.aroundReceive(AbstractActor.scala:220)
	at akka.actor.ActorCell.receiveMessage(ActorCell.scala:579)
	at akka.actor.ActorCell.invoke(ActorCell.scala:547)
	at akka.dispatch.Mailbox.processMailbox(Mailbox.scala:270)
	at akka.dispatch.Mailbox.run(Mailbox.scala:231)
	at akka.dispatch.Mailbox.exec(Mailbox.scala:243)
	at java.util.concurrent.ForkJoinTask.doExec(ForkJoinTask.java:289)
	at java.util.concurrent.ForkJoinPool$WorkQueue.runTask(ForkJoinPool.java:1056)
	at java.util.concurrent.ForkJoinPool.runWorker(ForkJoinPool.java:1692)
	at java.util.concurrent.ForkJoinWorkerThread.run(ForkJoinWorkerThread.java:157)
Caused by: java.util.concurrent.TimeoutException: The heartbeat of JobManager with id 19299f2a6c15e1649a4a09b108130963 timed out.
	... 29 common frames omitted
2024-06-30 22:09:28.075 WARN  org.apache.flink.runtime.taskmanager.Task - TumblingProcessingTimeWindows -> Sink: Print to Std. Out (7/8)#0 (6299fe51127d8b5a8f5bd9c0cab73eb7_e70bbd798b564e0a50e10e343f1ac56b_6_0) switched from RUNNING to FAILED with failure cause:
org.apache.flink.util.FlinkException: Disconnect from JobManager responsible for 2f495fba586c75bfab397b49c7b4549e.
	at org.apache.flink.runtime.taskexecutor.TaskExecutor.disconnectJobManagerConnection(TaskExecutor.java:1757)
	at org.apache.flink.runtime.taskexecutor.TaskExecutor.disconnectAndTryReconnectToJobManager(TaskExecutor.java:1299)
	at org.apache.flink.runtime.taskexecutor.TaskExecutor.access$4200(TaskExecutor.java:186)
	at org.apache.flink.runtime.taskexecutor.TaskExecutor$JobManagerHeartbeatListener.lambda$handleJobManagerConnectionLoss$0(TaskExecutor.java:2536)
	at java.util.Optional.ifPresent(Optional.java:159)
	at org.apache.flink.runtime.taskexecutor.TaskExecutor$JobManagerHeartbeatListener.handleJobManagerConnectionLoss(TaskExecutor.java:2534)
	at org.apache.flink.runtime.taskexecutor.TaskExecutor$JobManagerHeartbeatListener.notifyHeartbeatTimeout(TaskExecutor.java:2517)
	at org.apache.flink.runtime.heartbeat.DefaultHeartbeatMonitor.run(DefaultHeartbeatMonitor.java:158)
	at java.util.concurrent.Executors$RunnableAdapter.call(Executors.java:511)
	at java.util.concurrent.FutureTask.run(FutureTask.java:266)
	at org.apache.flink.runtime.rpc.akka.AkkaRpcActor.lambda$handleRunAsync$4(AkkaRpcActor.java:453)
	at org.apache.flink.runtime.concurrent.akka.ClassLoadingUtils.runWithContextClassLoader(ClassLoadingUtils.java:68)
	at org.apache.flink.runtime.rpc.akka.AkkaRpcActor.handleRunAsync(AkkaRpcActor.java:453)
	at org.apache.flink.runtime.rpc.akka.AkkaRpcActor.handleRpcMessage(AkkaRpcActor.java:218)
	at org.apache.flink.runtime.rpc.akka.AkkaRpcActor.handleMessage(AkkaRpcActor.java:168)
	at akka.japi.pf.UnitCaseStatement.apply(CaseStatements.scala:24)
	at akka.japi.pf.UnitCaseStatement.apply(CaseStatements.scala:20)
	at scala.PartialFunction.applyOrElse(PartialFunction.scala:127)
	at scala.PartialFunction.applyOrElse$(PartialFunction.scala:126)
	at akka.japi.pf.UnitCaseStatement.applyOrElse(CaseStatements.scala:20)
	at scala.PartialFunction$OrElse.applyOrElse(PartialFunction.scala:175)
	at scala.PartialFunction$OrElse.applyOrElse(PartialFunction.scala:176)
	at scala.PartialFunction$OrElse.applyOrElse(PartialFunction.scala:176)
	at akka.actor.Actor.aroundReceive(Actor.scala:537)
	at akka.actor.Actor.aroundReceive$(Actor.scala:535)
	at akka.actor.AbstractActor.aroundReceive(AbstractActor.scala:220)
	at akka.actor.ActorCell.receiveMessage(ActorCell.scala:579)
	at akka.actor.ActorCell.invoke(ActorCell.scala:547)
	at akka.dispatch.Mailbox.processMailbox(Mailbox.scala:270)
	at akka.dispatch.Mailbox.run(Mailbox.scala:231)
	at akka.dispatch.Mailbox.exec(Mailbox.scala:243)
	at java.util.concurrent.ForkJoinTask.doExec(ForkJoinTask.java:289)
	at java.util.concurrent.ForkJoinPool$WorkQueue.runTask(ForkJoinPool.java:1056)
	at java.util.concurrent.ForkJoinPool.runWorker(ForkJoinPool.java:1692)
	at java.util.concurrent.ForkJoinWorkerThread.run(ForkJoinWorkerThread.java:157)
Caused by: java.util.concurrent.TimeoutException: The heartbeat of JobManager with id 19299f2a6c15e1649a4a09b108130963 timed out.
	... 29 common frames omitted
2024-06-30 22:09:28.077 WARN  org.apache.flink.runtime.taskmanager.Task - TumblingProcessingTimeWindows -> Sink: Print to Std. Out (5/8)#0 (6299fe51127d8b5a8f5bd9c0cab73eb7_e70bbd798b564e0a50e10e343f1ac56b_4_0) switched from RUNNING to FAILED with failure cause:
org.apache.flink.util.FlinkException: Disconnect from JobManager responsible for 2f495fba586c75bfab397b49c7b4549e.
	at org.apache.flink.runtime.taskexecutor.TaskExecutor.disconnectJobManagerConnection(TaskExecutor.java:1757)
	at org.apache.flink.runtime.taskexecutor.TaskExecutor.disconnectAndTryReconnectToJobManager(TaskExecutor.java:1299)
	at org.apache.flink.runtime.taskexecutor.TaskExecutor.access$4200(TaskExecutor.java:186)
	at org.apache.flink.runtime.taskexecutor.TaskExecutor$JobManagerHeartbeatListener.lambda$handleJobManagerConnectionLoss$0(TaskExecutor.java:2536)
	at java.util.Optional.ifPresent(Optional.java:159)
	at org.apache.flink.runtime.taskexecutor.TaskExecutor$JobManagerHeartbeatListener.handleJobManagerConnectionLoss(TaskExecutor.java:2534)
	at org.apache.flink.runtime.taskexecutor.TaskExecutor$JobManagerHeartbeatListener.notifyHeartbeatTimeout(TaskExecutor.java:2517)
	at org.apache.flink.runtime.heartbeat.DefaultHeartbeatMonitor.run(DefaultHeartbeatMonitor.java:158)
	at java.util.concurrent.Executors$RunnableAdapter.call(Executors.java:511)
	at java.util.concurrent.FutureTask.run(FutureTask.java:266)
	at org.apache.flink.runtime.rpc.akka.AkkaRpcActor.lambda$handleRunAsync$4(AkkaRpcActor.java:453)
	at org.apache.flink.runtime.concurrent.akka.ClassLoadingUtils.runWithContextClassLoader(ClassLoadingUtils.java:68)
	at org.apache.flink.runtime.rpc.akka.AkkaRpcActor.handleRunAsync(AkkaRpcActor.java:453)
	at org.apache.flink.runtime.rpc.akka.AkkaRpcActor.handleRpcMessage(AkkaRpcActor.java:218)
	at org.apache.flink.runtime.rpc.akka.AkkaRpcActor.handleMessage(AkkaRpcActor.java:168)
	at akka.japi.pf.UnitCaseStatement.apply(CaseStatements.scala:24)
	at akka.japi.pf.UnitCaseStatement.apply(CaseStatements.scala:20)
	at scala.PartialFunction.applyOrElse(PartialFunction.scala:127)
	at scala.PartialFunction.applyOrElse$(PartialFunction.scala:126)
	at akka.japi.pf.UnitCaseStatement.applyOrElse(CaseStatements.scala:20)
	at scala.PartialFunction$OrElse.applyOrElse(PartialFunction.scala:175)
	at scala.PartialFunction$OrElse.applyOrElse(PartialFunction.scala:176)
	at scala.PartialFunction$OrElse.applyOrElse(PartialFunction.scala:176)
	at akka.actor.Actor.aroundReceive(Actor.scala:537)
	at akka.actor.Actor.aroundReceive$(Actor.scala:535)
	at akka.actor.AbstractActor.aroundReceive(AbstractActor.scala:220)
	at akka.actor.ActorCell.receiveMessage(ActorCell.scala:579)
	at akka.actor.ActorCell.invoke(ActorCell.scala:547)
	at akka.dispatch.Mailbox.processMailbox(Mailbox.scala:270)
	at akka.dispatch.Mailbox.run(Mailbox.scala:231)
	at akka.dispatch.Mailbox.exec(Mailbox.scala:243)
	at java.util.concurrent.ForkJoinTask.doExec(ForkJoinTask.java:289)
	at java.util.concurrent.ForkJoinPool$WorkQueue.runTask(ForkJoinPool.java:1056)
	at java.util.concurrent.ForkJoinPool.runWorker(ForkJoinPool.java:1692)
	at java.util.concurrent.ForkJoinWorkerThread.run(ForkJoinWorkerThread.java:157)
Caused by: java.util.concurrent.TimeoutException: The heartbeat of JobManager with id 19299f2a6c15e1649a4a09b108130963 timed out.
	... 29 common frames omitted
2024-06-30 22:09:28.078 WARN  org.apache.flink.runtime.taskmanager.Task - Map (5/8)#0 (6299fe51127d8b5a8f5bd9c0cab73eb7_0a448493b4782967b150582570326227_4_0) switched from RUNNING to FAILED with failure cause:
org.apache.flink.util.FlinkException: Disconnect from JobManager responsible for 2f495fba586c75bfab397b49c7b4549e.
	at org.apache.flink.runtime.taskexecutor.TaskExecutor.disconnectJobManagerConnection(TaskExecutor.java:1757)
	at org.apache.flink.runtime.taskexecutor.TaskExecutor.disconnectAndTryReconnectToJobManager(TaskExecutor.java:1299)
	at org.apache.flink.runtime.taskexecutor.TaskExecutor.access$4200(TaskExecutor.java:186)
	at org.apache.flink.runtime.taskexecutor.TaskExecutor$JobManagerHeartbeatListener.lambda$handleJobManagerConnectionLoss$0(TaskExecutor.java:2536)
	at java.util.Optional.ifPresent(Optional.java:159)
	at org.apache.flink.runtime.taskexecutor.TaskExecutor$JobManagerHeartbeatListener.handleJobManagerConnectionLoss(TaskExecutor.java:2534)
	at org.apache.flink.runtime.taskexecutor.TaskExecutor$JobManagerHeartbeatListener.notifyHeartbeatTimeout(TaskExecutor.java:2517)
	at org.apache.flink.runtime.heartbeat.DefaultHeartbeatMonitor.run(DefaultHeartbeatMonitor.java:158)
	at java.util.concurrent.Executors$RunnableAdapter.call(Executors.java:511)
	at java.util.concurrent.FutureTask.run(FutureTask.java:266)
	at org.apache.flink.runtime.rpc.akka.AkkaRpcActor.lambda$handleRunAsync$4(AkkaRpcActor.java:453)
	at org.apache.flink.runtime.concurrent.akka.ClassLoadingUtils.runWithContextClassLoader(ClassLoadingUtils.java:68)
	at org.apache.flink.runtime.rpc.akka.AkkaRpcActor.handleRunAsync(AkkaRpcActor.java:453)
	at org.apache.flink.runtime.rpc.akka.AkkaRpcActor.handleRpcMessage(AkkaRpcActor.java:218)
	at org.apache.flink.runtime.rpc.akka.AkkaRpcActor.handleMessage(AkkaRpcActor.java:168)
	at akka.japi.pf.UnitCaseStatement.apply(CaseStatements.scala:24)
	at akka.japi.pf.UnitCaseStatement.apply(CaseStatements.scala:20)
	at scala.PartialFunction.applyOrElse(PartialFunction.scala:127)
	at scala.PartialFunction.applyOrElse$(PartialFunction.scala:126)
	at akka.japi.pf.UnitCaseStatement.applyOrElse(CaseStatements.scala:20)
	at scala.PartialFunction$OrElse.applyOrElse(PartialFunction.scala:175)
	at scala.PartialFunction$OrElse.applyOrElse(PartialFunction.scala:176)
	at scala.PartialFunction$OrElse.applyOrElse(PartialFunction.scala:176)
	at akka.actor.Actor.aroundReceive(Actor.scala:537)
	at akka.actor.Actor.aroundReceive$(Actor.scala:535)
	at akka.actor.AbstractActor.aroundReceive(AbstractActor.scala:220)
	at akka.actor.ActorCell.receiveMessage(ActorCell.scala:579)
	at akka.actor.ActorCell.invoke(ActorCell.scala:547)
	at akka.dispatch.Mailbox.processMailbox(Mailbox.scala:270)
	at akka.dispatch.Mailbox.run(Mailbox.scala:231)
	at akka.dispatch.Mailbox.exec(Mailbox.scala:243)
	at java.util.concurrent.ForkJoinTask.doExec(ForkJoinTask.java:289)
	at java.util.concurrent.ForkJoinPool$WorkQueue.runTask(ForkJoinPool.java:1056)
	at java.util.concurrent.ForkJoinPool.runWorker(ForkJoinPool.java:1692)
	at java.util.concurrent.ForkJoinWorkerThread.run(ForkJoinWorkerThread.java:157)
Caused by: java.util.concurrent.TimeoutException: The heartbeat of JobManager with id 19299f2a6c15e1649a4a09b108130963 timed out.
	... 29 common frames omitted
2024-06-30 22:09:28.079 WARN  org.apache.flink.runtime.taskmanager.Task - Map (8/8)#0 (6299fe51127d8b5a8f5bd9c0cab73eb7_0a448493b4782967b150582570326227_7_0) switched from RUNNING to FAILED with failure cause:
org.apache.flink.util.FlinkException: Disconnect from JobManager responsible for 2f495fba586c75bfab397b49c7b4549e.
	at org.apache.flink.runtime.taskexecutor.TaskExecutor.disconnectJobManagerConnection(TaskExecutor.java:1757)
	at org.apache.flink.runtime.taskexecutor.TaskExecutor.disconnectAndTryReconnectToJobManager(TaskExecutor.java:1299)
	at org.apache.flink.runtime.taskexecutor.TaskExecutor.access$4200(TaskExecutor.java:186)
	at org.apache.flink.runtime.taskexecutor.TaskExecutor$JobManagerHeartbeatListener.lambda$handleJobManagerConnectionLoss$0(TaskExecutor.java:2536)
	at java.util.Optional.ifPresent(Optional.java:159)
	at org.apache.flink.runtime.taskexecutor.TaskExecutor$JobManagerHeartbeatListener.handleJobManagerConnectionLoss(TaskExecutor.java:2534)
	at org.apache.flink.runtime.taskexecutor.TaskExecutor$JobManagerHeartbeatListener.notifyHeartbeatTimeout(TaskExecutor.java:2517)
	at org.apache.flink.runtime.heartbeat.DefaultHeartbeatMonitor.run(DefaultHeartbeatMonitor.java:158)
	at java.util.concurrent.Executors$RunnableAdapter.call(Executors.java:511)
	at java.util.concurrent.FutureTask.run(FutureTask.java:266)
	at org.apache.flink.runtime.rpc.akka.AkkaRpcActor.lambda$handleRunAsync$4(AkkaRpcActor.java:453)
	at org.apache.flink.runtime.concurrent.akka.ClassLoadingUtils.runWithContextClassLoader(ClassLoadingUtils.java:68)
	at org.apache.flink.runtime.rpc.akka.AkkaRpcActor.handleRunAsync(AkkaRpcActor.java:453)
	at org.apache.flink.runtime.rpc.akka.AkkaRpcActor.handleRpcMessage(AkkaRpcActor.java:218)
	at org.apache.flink.runtime.rpc.akka.AkkaRpcActor.handleMessage(AkkaRpcActor.java:168)
	at akka.japi.pf.UnitCaseStatement.apply(CaseStatements.scala:24)
	at akka.japi.pf.UnitCaseStatement.apply(CaseStatements.scala:20)
	at scala.PartialFunction.applyOrElse(PartialFunction.scala:127)
	at scala.PartialFunction.applyOrElse$(PartialFunction.scala:126)
	at akka.japi.pf.UnitCaseStatement.applyOrElse(CaseStatements.scala:20)
	at scala.PartialFunction$OrElse.applyOrElse(PartialFunction.scala:175)
	at scala.PartialFunction$OrElse.applyOrElse(PartialFunction.scala:176)
	at scala.PartialFunction$OrElse.applyOrElse(PartialFunction.scala:176)
	at akka.actor.Actor.aroundReceive(Actor.scala:537)
	at akka.actor.Actor.aroundReceive$(Actor.scala:535)
	at akka.actor.AbstractActor.aroundReceive(AbstractActor.scala:220)
	at akka.actor.ActorCell.receiveMessage(ActorCell.scala:579)
	at akka.actor.ActorCell.invoke(ActorCell.scala:547)
	at akka.dispatch.Mailbox.processMailbox(Mailbox.scala:270)
	at akka.dispatch.Mailbox.run(Mailbox.scala:231)
	at akka.dispatch.Mailbox.exec(Mailbox.scala:243)
	at java.util.concurrent.ForkJoinTask.doExec(ForkJoinTask.java:289)
	at java.util.concurrent.ForkJoinPool$WorkQueue.runTask(ForkJoinPool.java:1056)
	at java.util.concurrent.ForkJoinPool.runWorker(ForkJoinPool.java:1692)
	at java.util.concurrent.ForkJoinWorkerThread.run(ForkJoinWorkerThread.java:157)
Caused by: java.util.concurrent.TimeoutException: The heartbeat of JobManager with id 19299f2a6c15e1649a4a09b108130963 timed out.
	... 29 common frames omitted
2024-06-30 22:09:28.081 WARN  org.apache.flink.runtime.taskmanager.Task - TumblingProcessingTimeWindows -> Sink: Print to Std. Out (8/8)#0 (6299fe51127d8b5a8f5bd9c0cab73eb7_e70bbd798b564e0a50e10e343f1ac56b_7_0) switched from RUNNING to FAILED with failure cause:
org.apache.flink.util.FlinkException: Disconnect from JobManager responsible for 2f495fba586c75bfab397b49c7b4549e.
	at org.apache.flink.runtime.taskexecutor.TaskExecutor.disconnectJobManagerConnection(TaskExecutor.java:1757)
	at org.apache.flink.runtime.taskexecutor.TaskExecutor.disconnectAndTryReconnectToJobManager(TaskExecutor.java:1299)
	at org.apache.flink.runtime.taskexecutor.TaskExecutor.access$4200(TaskExecutor.java:186)
	at org.apache.flink.runtime.taskexecutor.TaskExecutor$JobManagerHeartbeatListener.lambda$handleJobManagerConnectionLoss$0(TaskExecutor.java:2536)
	at java.util.Optional.ifPresent(Optional.java:159)
	at org.apache.flink.runtime.taskexecutor.TaskExecutor$JobManagerHeartbeatListener.handleJobManagerConnectionLoss(TaskExecutor.java:2534)
	at org.apache.flink.runtime.taskexecutor.TaskExecutor$JobManagerHeartbeatListener.notifyHeartbeatTimeout(TaskExecutor.java:2517)
	at org.apache.flink.runtime.heartbeat.DefaultHeartbeatMonitor.run(DefaultHeartbeatMonitor.java:158)
	at java.util.concurrent.Executors$RunnableAdapter.call(Executors.java:511)
	at java.util.concurrent.FutureTask.run(FutureTask.java:266)
	at org.apache.flink.runtime.rpc.akka.AkkaRpcActor.lambda$handleRunAsync$4(AkkaRpcActor.java:453)
	at org.apache.flink.runtime.concurrent.akka.ClassLoadingUtils.runWithContextClassLoader(ClassLoadingUtils.java:68)
	at org.apache.flink.runtime.rpc.akka.AkkaRpcActor.handleRunAsync(AkkaRpcActor.java:453)
	at org.apache.flink.runtime.rpc.akka.AkkaRpcActor.handleRpcMessage(AkkaRpcActor.java:218)
	at org.apache.flink.runtime.rpc.akka.AkkaRpcActor.handleMessage(AkkaRpcActor.java:168)
	at akka.japi.pf.UnitCaseStatement.apply(CaseStatements.scala:24)
	at akka.japi.pf.UnitCaseStatement.apply(CaseStatements.scala:20)
	at scala.PartialFunction.applyOrElse(PartialFunction.scala:127)
	at scala.PartialFunction.applyOrElse$(PartialFunction.scala:126)
	at akka.japi.pf.UnitCaseStatement.applyOrElse(CaseStatements.scala:20)
	at scala.PartialFunction$OrElse.applyOrElse(PartialFunction.scala:175)
	at scala.PartialFunction$OrElse.applyOrElse(PartialFunction.scala:176)
	at scala.PartialFunction$OrElse.applyOrElse(PartialFunction.scala:176)
	at akka.actor.Actor.aroundReceive(Actor.scala:537)
	at akka.actor.Actor.aroundReceive$(Actor.scala:535)
	at akka.actor.AbstractActor.aroundReceive(AbstractActor.scala:220)
	at akka.actor.ActorCell.receiveMessage(ActorCell.scala:579)
	at akka.actor.ActorCell.invoke(ActorCell.scala:547)
	at akka.dispatch.Mailbox.processMailbox(Mailbox.scala:270)
	at akka.dispatch.Mailbox.run(Mailbox.scala:231)
	at akka.dispatch.Mailbox.exec(Mailbox.scala:243)
	at java.util.concurrent.ForkJoinTask.doExec(ForkJoinTask.java:289)
	at java.util.concurrent.ForkJoinPool$WorkQueue.runTask(ForkJoinPool.java:1056)
	at java.util.concurrent.ForkJoinPool.runWorker(ForkJoinPool.java:1692)
	at java.util.concurrent.ForkJoinWorkerThread.run(ForkJoinWorkerThread.java:157)
Caused by: java.util.concurrent.TimeoutException: The heartbeat of JobManager with id 19299f2a6c15e1649a4a09b108130963 timed out.
	... 29 common frames omitted
2024-06-30 22:09:28.082 WARN  org.apache.flink.runtime.taskmanager.Task - Map (3/8)#0 (6299fe51127d8b5a8f5bd9c0cab73eb7_0a448493b4782967b150582570326227_2_0) switched from RUNNING to FAILED with failure cause:
org.apache.flink.util.FlinkException: Disconnect from JobManager responsible for 2f495fba586c75bfab397b49c7b4549e.
	at org.apache.flink.runtime.taskexecutor.TaskExecutor.disconnectJobManagerConnection(TaskExecutor.java:1757)
	at org.apache.flink.runtime.taskexecutor.TaskExecutor.disconnectAndTryReconnectToJobManager(TaskExecutor.java:1299)
	at org.apache.flink.runtime.taskexecutor.TaskExecutor.access$4200(TaskExecutor.java:186)
	at org.apache.flink.runtime.taskexecutor.TaskExecutor$JobManagerHeartbeatListener.lambda$handleJobManagerConnectionLoss$0(TaskExecutor.java:2536)
	at java.util.Optional.ifPresent(Optional.java:159)
	at org.apache.flink.runtime.taskexecutor.TaskExecutor$JobManagerHeartbeatListener.handleJobManagerConnectionLoss(TaskExecutor.java:2534)
	at org.apache.flink.runtime.taskexecutor.TaskExecutor$JobManagerHeartbeatListener.notifyHeartbeatTimeout(TaskExecutor.java:2517)
	at org.apache.flink.runtime.heartbeat.DefaultHeartbeatMonitor.run(DefaultHeartbeatMonitor.java:158)
	at java.util.concurrent.Executors$RunnableAdapter.call(Executors.java:511)
	at java.util.concurrent.FutureTask.run(FutureTask.java:266)
	at org.apache.flink.runtime.rpc.akka.AkkaRpcActor.lambda$handleRunAsync$4(AkkaRpcActor.java:453)
	at org.apache.flink.runtime.concurrent.akka.ClassLoadingUtils.runWithContextClassLoader(ClassLoadingUtils.java:68)
	at org.apache.flink.runtime.rpc.akka.AkkaRpcActor.handleRunAsync(AkkaRpcActor.java:453)
	at org.apache.flink.runtime.rpc.akka.AkkaRpcActor.handleRpcMessage(AkkaRpcActor.java:218)
	at org.apache.flink.runtime.rpc.akka.AkkaRpcActor.handleMessage(AkkaRpcActor.java:168)
	at akka.japi.pf.UnitCaseStatement.apply(CaseStatements.scala:24)
	at akka.japi.pf.UnitCaseStatement.apply(CaseStatements.scala:20)
	at scala.PartialFunction.applyOrElse(PartialFunction.scala:127)
	at scala.PartialFunction.applyOrElse$(PartialFunction.scala:126)
	at akka.japi.pf.UnitCaseStatement.applyOrElse(CaseStatements.scala:20)
	at scala.PartialFunction$OrElse.applyOrElse(PartialFunction.scala:175)
	at scala.PartialFunction$OrElse.applyOrElse(PartialFunction.scala:176)
	at scala.PartialFunction$OrElse.applyOrElse(PartialFunction.scala:176)
	at akka.actor.Actor.aroundReceive(Actor.scala:537)
	at akka.actor.Actor.aroundReceive$(Actor.scala:535)
	at akka.actor.AbstractActor.aroundReceive(AbstractActor.scala:220)
	at akka.actor.ActorCell.receiveMessage(ActorCell.scala:579)
	at akka.actor.ActorCell.invoke(ActorCell.scala:547)
	at akka.dispatch.Mailbox.processMailbox(Mailbox.scala:270)
	at akka.dispatch.Mailbox.run(Mailbox.scala:231)
	at akka.dispatch.Mailbox.exec(Mailbox.scala:243)
	at java.util.concurrent.ForkJoinTask.doExec(ForkJoinTask.java:289)
	at java.util.concurrent.ForkJoinPool$WorkQueue.runTask(ForkJoinPool.java:1056)
	at java.util.concurrent.ForkJoinPool.runWorker(ForkJoinPool.java:1692)
	at java.util.concurrent.ForkJoinWorkerThread.run(ForkJoinWorkerThread.java:157)
Caused by: java.util.concurrent.TimeoutException: The heartbeat of JobManager with id 19299f2a6c15e1649a4a09b108130963 timed out.
	... 29 common frames omitted
2024-06-30 22:09:28.083 WARN  org.apache.flink.runtime.taskmanager.Task - TumblingProcessingTimeWindows -> Sink: Print to Std. Out (3/8)#0 (6299fe51127d8b5a8f5bd9c0cab73eb7_e70bbd798b564e0a50e10e343f1ac56b_2_0) switched from RUNNING to FAILED with failure cause:
org.apache.flink.util.FlinkException: Disconnect from JobManager responsible for 2f495fba586c75bfab397b49c7b4549e.
	at org.apache.flink.runtime.taskexecutor.TaskExecutor.disconnectJobManagerConnection(TaskExecutor.java:1757)
	at org.apache.flink.runtime.taskexecutor.TaskExecutor.disconnectAndTryReconnectToJobManager(TaskExecutor.java:1299)
	at org.apache.flink.runtime.taskexecutor.TaskExecutor.access$4200(TaskExecutor.java:186)
	at org.apache.flink.runtime.taskexecutor.TaskExecutor$JobManagerHeartbeatListener.lambda$handleJobManagerConnectionLoss$0(TaskExecutor.java:2536)
	at java.util.Optional.ifPresent(Optional.java:159)
	at org.apache.flink.runtime.taskexecutor.TaskExecutor$JobManagerHeartbeatListener.handleJobManagerConnectionLoss(TaskExecutor.java:2534)
	at org.apache.flink.runtime.taskexecutor.TaskExecutor$JobManagerHeartbeatListener.notifyHeartbeatTimeout(TaskExecutor.java:2517)
	at org.apache.flink.runtime.heartbeat.DefaultHeartbeatMonitor.run(DefaultHeartbeatMonitor.java:158)
	at java.util.concurrent.Executors$RunnableAdapter.call(Executors.java:511)
	at java.util.concurrent.FutureTask.run(FutureTask.java:266)
	at org.apache.flink.runtime.rpc.akka.AkkaRpcActor.lambda$handleRunAsync$4(AkkaRpcActor.java:453)
	at org.apache.flink.runtime.concurrent.akka.ClassLoadingUtils.runWithContextClassLoader(ClassLoadingUtils.java:68)
	at org.apache.flink.runtime.rpc.akka.AkkaRpcActor.handleRunAsync(AkkaRpcActor.java:453)
	at org.apache.flink.runtime.rpc.akka.AkkaRpcActor.handleRpcMessage(AkkaRpcActor.java:218)
	at org.apache.flink.runtime.rpc.akka.AkkaRpcActor.handleMessage(AkkaRpcActor.java:168)
	at akka.japi.pf.UnitCaseStatement.apply(CaseStatements.scala:24)
	at akka.japi.pf.UnitCaseStatement.apply(CaseStatements.scala:20)
	at scala.PartialFunction.applyOrElse(PartialFunction.scala:127)
	at scala.PartialFunction.applyOrElse$(PartialFunction.scala:126)
	at akka.japi.pf.UnitCaseStatement.applyOrElse(CaseStatements.scala:20)
	at scala.PartialFunction$OrElse.applyOrElse(PartialFunction.scala:175)
	at scala.PartialFunction$OrElse.applyOrElse(PartialFunction.scala:176)
	at scala.PartialFunction$OrElse.applyOrElse(PartialFunction.scala:176)
	at akka.actor.Actor.aroundReceive(Actor.scala:537)
	at akka.actor.Actor.aroundReceive$(Actor.scala:535)
	at akka.actor.AbstractActor.aroundReceive(AbstractActor.scala:220)
	at akka.actor.ActorCell.receiveMessage(ActorCell.scala:579)
	at akka.actor.ActorCell.invoke(ActorCell.scala:547)
	at akka.dispatch.Mailbox.processMailbox(Mailbox.scala:270)
	at akka.dispatch.Mailbox.run(Mailbox.scala:231)
	at akka.dispatch.Mailbox.exec(Mailbox.scala:243)
	at java.util.concurrent.ForkJoinTask.doExec(ForkJoinTask.java:289)
	at java.util.concurrent.ForkJoinPool$WorkQueue.runTask(ForkJoinPool.java:1056)
	at java.util.concurrent.ForkJoinPool.runWorker(ForkJoinPool.java:1692)
	at java.util.concurrent.ForkJoinWorkerThread.run(ForkJoinWorkerThread.java:157)
Caused by: java.util.concurrent.TimeoutException: The heartbeat of JobManager with id 19299f2a6c15e1649a4a09b108130963 timed out.
	... 29 common frames omitted
2024-06-30 22:09:28.084 WARN  org.apache.flink.runtime.taskmanager.Task - TumblingProcessingTimeWindows -> Sink: Print to Std. Out (1/8)#0 (6299fe51127d8b5a8f5bd9c0cab73eb7_e70bbd798b564e0a50e10e343f1ac56b_0_0) switched from RUNNING to FAILED with failure cause:
org.apache.flink.util.FlinkException: Disconnect from JobManager responsible for 2f495fba586c75bfab397b49c7b4549e.
	at org.apache.flink.runtime.taskexecutor.TaskExecutor.disconnectJobManagerConnection(TaskExecutor.java:1757)
	at org.apache.flink.runtime.taskexecutor.TaskExecutor.disconnectAndTryReconnectToJobManager(TaskExecutor.java:1299)
	at org.apache.flink.runtime.taskexecutor.TaskExecutor.access$4200(TaskExecutor.java:186)
	at org.apache.flink.runtime.taskexecutor.TaskExecutor$JobManagerHeartbeatListener.lambda$handleJobManagerConnectionLoss$0(TaskExecutor.java:2536)
	at java.util.Optional.ifPresent(Optional.java:159)
	at org.apache.flink.runtime.taskexecutor.TaskExecutor$JobManagerHeartbeatListener.handleJobManagerConnectionLoss(TaskExecutor.java:2534)
	at org.apache.flink.runtime.taskexecutor.TaskExecutor$JobManagerHeartbeatListener.notifyHeartbeatTimeout(TaskExecutor.java:2517)
	at org.apache.flink.runtime.heartbeat.DefaultHeartbeatMonitor.run(DefaultHeartbeatMonitor.java:158)
	at java.util.concurrent.Executors$RunnableAdapter.call(Executors.java:511)
	at java.util.concurrent.FutureTask.run(FutureTask.java:266)
	at org.apache.flink.runtime.rpc.akka.AkkaRpcActor.lambda$handleRunAsync$4(AkkaRpcActor.java:453)
	at org.apache.flink.runtime.concurrent.akka.ClassLoadingUtils.runWithContextClassLoader(ClassLoadingUtils.java:68)
	at org.apache.flink.runtime.rpc.akka.AkkaRpcActor.handleRunAsync(AkkaRpcActor.java:453)
	at org.apache.flink.runtime.rpc.akka.AkkaRpcActor.handleRpcMessage(AkkaRpcActor.java:218)
	at org.apache.flink.runtime.rpc.akka.AkkaRpcActor.handleMessage(AkkaRpcActor.java:168)
	at akka.japi.pf.UnitCaseStatement.apply(CaseStatements.scala:24)
	at akka.japi.pf.UnitCaseStatement.apply(CaseStatements.scala:20)
	at scala.PartialFunction.applyOrElse(PartialFunction.scala:127)
	at scala.PartialFunction.applyOrElse$(PartialFunction.scala:126)
	at akka.japi.pf.UnitCaseStatement.applyOrElse(CaseStatements.scala:20)
	at scala.PartialFunction$OrElse.applyOrElse(PartialFunction.scala:175)
	at scala.PartialFunction$OrElse.applyOrElse(PartialFunction.scala:176)
	at scala.PartialFunction$OrElse.applyOrElse(PartialFunction.scala:176)
	at akka.actor.Actor.aroundReceive(Actor.scala:537)
	at akka.actor.Actor.aroundReceive$(Actor.scala:535)
	at akka.actor.AbstractActor.aroundReceive(AbstractActor.scala:220)
	at akka.actor.ActorCell.receiveMessage(ActorCell.scala:579)
	at akka.actor.ActorCell.invoke(ActorCell.scala:547)
	at akka.dispatch.Mailbox.processMailbox(Mailbox.scala:270)
	at akka.dispatch.Mailbox.run(Mailbox.scala:231)
	at akka.dispatch.Mailbox.exec(Mailbox.scala:243)
	at java.util.concurrent.ForkJoinTask.doExec(ForkJoinTask.java:289)
	at java.util.concurrent.ForkJoinPool$WorkQueue.runTask(ForkJoinPool.java:1056)
	at java.util.concurrent.ForkJoinPool.runWorker(ForkJoinPool.java:1692)
	at java.util.concurrent.ForkJoinWorkerThread.run(ForkJoinWorkerThread.java:157)
Caused by: java.util.concurrent.TimeoutException: The heartbeat of JobManager with id 19299f2a6c15e1649a4a09b108130963 timed out.
	... 29 common frames omitted
2024-06-30 22:09:28.086 WARN  org.apache.flink.runtime.taskmanager.Task - Source: Socket Stream (1/1)#0 (6299fe51127d8b5a8f5bd9c0cab73eb7_bc764cd8ddf7a0cff126f51c16239658_0_0) switched from RUNNING to FAILED with failure cause:
org.apache.flink.util.FlinkException: Disconnect from JobManager responsible for 2f495fba586c75bfab397b49c7b4549e.
	at org.apache.flink.runtime.taskexecutor.TaskExecutor.disconnectJobManagerConnection(TaskExecutor.java:1757)
	at org.apache.flink.runtime.taskexecutor.TaskExecutor.disconnectAndTryReconnectToJobManager(TaskExecutor.java:1299)
	at org.apache.flink.runtime.taskexecutor.TaskExecutor.access$4200(TaskExecutor.java:186)
	at org.apache.flink.runtime.taskexecutor.TaskExecutor$JobManagerHeartbeatListener.lambda$handleJobManagerConnectionLoss$0(TaskExecutor.java:2536)
	at java.util.Optional.ifPresent(Optional.java:159)
	at org.apache.flink.runtime.taskexecutor.TaskExecutor$JobManagerHeartbeatListener.handleJobManagerConnectionLoss(TaskExecutor.java:2534)
	at org.apache.flink.runtime.taskexecutor.TaskExecutor$JobManagerHeartbeatListener.notifyHeartbeatTimeout(TaskExecutor.java:2517)
	at org.apache.flink.runtime.heartbeat.DefaultHeartbeatMonitor.run(DefaultHeartbeatMonitor.java:158)
	at java.util.concurrent.Executors$RunnableAdapter.call(Executors.java:511)
	at java.util.concurrent.FutureTask.run(FutureTask.java:266)
	at org.apache.flink.runtime.rpc.akka.AkkaRpcActor.lambda$handleRunAsync$4(AkkaRpcActor.java:453)
	at org.apache.flink.runtime.concurrent.akka.ClassLoadingUtils.runWithContextClassLoader(ClassLoadingUtils.java:68)
	at org.apache.flink.runtime.rpc.akka.AkkaRpcActor.handleRunAsync(AkkaRpcActor.java:453)
	at org.apache.flink.runtime.rpc.akka.AkkaRpcActor.handleRpcMessage(AkkaRpcActor.java:218)
	at org.apache.flink.runtime.rpc.akka.AkkaRpcActor.handleMessage(AkkaRpcActor.java:168)
	at akka.japi.pf.UnitCaseStatement.apply(CaseStatements.scala:24)
	at akka.japi.pf.UnitCaseStatement.apply(CaseStatements.scala:20)
	at scala.PartialFunction.applyOrElse(PartialFunction.scala:127)
	at scala.PartialFunction.applyOrElse$(PartialFunction.scala:126)
	at akka.japi.pf.UnitCaseStatement.applyOrElse(CaseStatements.scala:20)
	at scala.PartialFunction$OrElse.applyOrElse(PartialFunction.scala:175)
	at scala.PartialFunction$OrElse.applyOrElse(PartialFunction.scala:176)
	at scala.PartialFunction$OrElse.applyOrElse(PartialFunction.scala:176)
	at akka.actor.Actor.aroundReceive(Actor.scala:537)
	at akka.actor.Actor.aroundReceive$(Actor.scala:535)
	at akka.actor.AbstractActor.aroundReceive(AbstractActor.scala:220)
	at akka.actor.ActorCell.receiveMessage(ActorCell.scala:579)
	at akka.actor.ActorCell.invoke(ActorCell.scala:547)
	at akka.dispatch.Mailbox.processMailbox(Mailbox.scala:270)
	at akka.dispatch.Mailbox.run(Mailbox.scala:231)
	at akka.dispatch.Mailbox.exec(Mailbox.scala:243)
	at java.util.concurrent.ForkJoinTask.doExec(ForkJoinTask.java:289)
	at java.util.concurrent.ForkJoinPool$WorkQueue.runTask(ForkJoinPool.java:1056)
	at java.util.concurrent.ForkJoinPool.runWorker(ForkJoinPool.java:1692)
	at java.util.concurrent.ForkJoinWorkerThread.run(ForkJoinWorkerThread.java:157)
Caused by: java.util.concurrent.TimeoutException: The heartbeat of JobManager with id 19299f2a6c15e1649a4a09b108130963 timed out.
	... 29 common frames omitted
2024-06-30 22:09:28.087 WARN  org.apache.flink.runtime.taskmanager.Task - Map (1/8)#0 (6299fe51127d8b5a8f5bd9c0cab73eb7_0a448493b4782967b150582570326227_0_0) switched from RUNNING to FAILED with failure cause:
org.apache.flink.util.FlinkException: Disconnect from JobManager responsible for 2f495fba586c75bfab397b49c7b4549e.
	at org.apache.flink.runtime.taskexecutor.TaskExecutor.disconnectJobManagerConnection(TaskExecutor.java:1757)
	at org.apache.flink.runtime.taskexecutor.TaskExecutor.disconnectAndTryReconnectToJobManager(TaskExecutor.java:1299)
	at org.apache.flink.runtime.taskexecutor.TaskExecutor.access$4200(TaskExecutor.java:186)
	at org.apache.flink.runtime.taskexecutor.TaskExecutor$JobManagerHeartbeatListener.lambda$handleJobManagerConnectionLoss$0(TaskExecutor.java:2536)
	at java.util.Optional.ifPresent(Optional.java:159)
	at org.apache.flink.runtime.taskexecutor.TaskExecutor$JobManagerHeartbeatListener.handleJobManagerConnectionLoss(TaskExecutor.java:2534)
	at org.apache.flink.runtime.taskexecutor.TaskExecutor$JobManagerHeartbeatListener.notifyHeartbeatTimeout(TaskExecutor.java:2517)
	at org.apache.flink.runtime.heartbeat.DefaultHeartbeatMonitor.run(DefaultHeartbeatMonitor.java:158)
	at java.util.concurrent.Executors$RunnableAdapter.call(Executors.java:511)
	at java.util.concurrent.FutureTask.run(FutureTask.java:266)
	at org.apache.flink.runtime.rpc.akka.AkkaRpcActor.lambda$handleRunAsync$4(AkkaRpcActor.java:453)
	at org.apache.flink.runtime.concurrent.akka.ClassLoadingUtils.runWithContextClassLoader(ClassLoadingUtils.java:68)
	at org.apache.flink.runtime.rpc.akka.AkkaRpcActor.handleRunAsync(AkkaRpcActor.java:453)
	at org.apache.flink.runtime.rpc.akka.AkkaRpcActor.handleRpcMessage(AkkaRpcActor.java:218)
	at org.apache.flink.runtime.rpc.akka.AkkaRpcActor.handleMessage(AkkaRpcActor.java:168)
	at akka.japi.pf.UnitCaseStatement.apply(CaseStatements.scala:24)
	at akka.japi.pf.UnitCaseStatement.apply(CaseStatements.scala:20)
	at scala.PartialFunction.applyOrElse(PartialFunction.scala:127)
	at scala.PartialFunction.applyOrElse$(PartialFunction.scala:126)
	at akka.japi.pf.UnitCaseStatement.applyOrElse(CaseStatements.scala:20)
	at scala.PartialFunction$OrElse.applyOrElse(PartialFunction.scala:175)
	at scala.PartialFunction$OrElse.applyOrElse(PartialFunction.scala:176)
	at scala.PartialFunction$OrElse.applyOrElse(PartialFunction.scala:176)
	at akka.actor.Actor.aroundReceive(Actor.scala:537)
	at akka.actor.Actor.aroundReceive$(Actor.scala:535)
	at akka.actor.AbstractActor.aroundReceive(AbstractActor.scala:220)
	at akka.actor.ActorCell.receiveMessage(ActorCell.scala:579)
	at akka.actor.ActorCell.invoke(ActorCell.scala:547)
	at akka.dispatch.Mailbox.processMailbox(Mailbox.scala:270)
	at akka.dispatch.Mailbox.run(Mailbox.scala:231)
	at akka.dispatch.Mailbox.exec(Mailbox.scala:243)
	at java.util.concurrent.ForkJoinTask.doExec(ForkJoinTask.java:289)
	at java.util.concurrent.ForkJoinPool$WorkQueue.runTask(ForkJoinPool.java:1056)
	at java.util.concurrent.ForkJoinPool.runWorker(ForkJoinPool.java:1692)
	at java.util.concurrent.ForkJoinWorkerThread.run(ForkJoinWorkerThread.java:157)
Caused by: java.util.concurrent.TimeoutException: The heartbeat of JobManager with id 19299f2a6c15e1649a4a09b108130963 timed out.
	... 29 common frames omitted
2024-06-30 22:09:28.191 WARN  org.apache.flink.runtime.resourcemanager.slotmanager.DeclarativeSlotManager - Could not fulfill resource requirements of job 2f495fba586c75bfab397b49c7b4549e. Free slots: 0
2024-06-30 22:09:28.310 WARN  org.apache.flink.runtime.taskmanager.TaskManagerLocation - No hostname could be resolved for the IP address 127.0.0.1, using IP address as host name. Local input split assignment (such as for HDFS files) may be impacted.
