2024-08-14 13:29:54.270 WARN  org.apache.flink.runtime.util.HadoopUtils - Could not find Hadoop configuration via any of the supported methods (Flink configuration, environment variables).
2024-08-14 13:29:54.283 WARN  org.apache.flink.runtime.util.HadoopUtils - Could not find Hadoop configuration via any of the supported methods (Flink configuration, environment variables).
2024-08-14 13:29:54.498 WARN  org.apache.flink.runtime.security.token.DefaultDelegationTokenManager - No tokens obtained so skipping notifications
2024-08-14 13:29:55.143 WARN  org.apache.flink.runtime.webmonitor.WebMonitorUtils - Log file environment variable 'log.file' is not set.
2024-08-14 13:29:55.145 WARN  org.apache.flink.runtime.webmonitor.WebMonitorUtils - JobManager log files are unavailable in the web dashboard. Log file location not found in environment variable 'log.file' or configuration key 'web.log.path'.
2024-08-14 13:29:56.885 WARN  org.apache.flink.runtime.security.token.DefaultDelegationTokenManager - No tokens obtained so skipping notifications
2024-08-14 13:29:56.886 WARN  org.apache.flink.runtime.security.token.DefaultDelegationTokenManager - Tokens update task not started because either no tokens obtained or none of the tokens specified its renewal date
2024-08-14 13:38:11.449 WARN  org.apache.flink.runtime.util.HadoopUtils - Could not find Hadoop configuration via any of the supported methods (Flink configuration, environment variables).
2024-08-14 13:38:11.461 WARN  org.apache.flink.runtime.util.HadoopUtils - Could not find Hadoop configuration via any of the supported methods (Flink configuration, environment variables).
2024-08-14 13:38:11.673 WARN  org.apache.flink.runtime.security.token.DefaultDelegationTokenManager - No tokens obtained so skipping notifications
2024-08-14 13:38:12.381 WARN  org.apache.flink.runtime.webmonitor.WebMonitorUtils - Log file environment variable 'log.file' is not set.
2024-08-14 13:38:12.383 WARN  org.apache.flink.runtime.webmonitor.WebMonitorUtils - JobManager log files are unavailable in the web dashboard. Log file location not found in environment variable 'log.file' or configuration key 'web.log.path'.
2024-08-14 13:38:13.968 WARN  org.apache.flink.runtime.security.token.DefaultDelegationTokenManager - No tokens obtained so skipping notifications
2024-08-14 13:38:13.968 WARN  org.apache.flink.runtime.security.token.DefaultDelegationTokenManager - Tokens update task not started because either no tokens obtained or none of the tokens specified its renewal date
2024-08-14 13:53:10.191 WARN  org.apache.flink.runtime.util.HadoopUtils - Could not find Hadoop configuration via any of the supported methods (Flink configuration, environment variables).
2024-08-14 13:53:10.202 WARN  org.apache.flink.runtime.util.HadoopUtils - Could not find Hadoop configuration via any of the supported methods (Flink configuration, environment variables).
2024-08-14 13:53:10.462 WARN  org.apache.flink.runtime.security.token.DefaultDelegationTokenManager - No tokens obtained so skipping notifications
2024-08-14 13:53:11.159 WARN  org.apache.flink.runtime.webmonitor.WebMonitorUtils - Log file environment variable 'log.file' is not set.
2024-08-14 13:53:11.161 WARN  org.apache.flink.runtime.webmonitor.WebMonitorUtils - JobManager log files are unavailable in the web dashboard. Log file location not found in environment variable 'log.file' or configuration key 'web.log.path'.
2024-08-14 13:53:12.832 WARN  org.apache.flink.runtime.security.token.DefaultDelegationTokenManager - No tokens obtained so skipping notifications
2024-08-14 13:53:12.833 WARN  org.apache.flink.runtime.security.token.DefaultDelegationTokenManager - Tokens update task not started because either no tokens obtained or none of the tokens specified its renewal date
2024-08-14 22:06:30.832 WARN  org.apache.flink.runtime.taskmanager.Task - Source: Socket Stream (1/1)#0 (30d73eee5b27e1ff0d20c37c0b058da4_bc764cd8ddf7a0cff126f51c16239658_0_0) switched from RUNNING to FAILED with failure cause:
org.apache.flink.util.FlinkException: Disconnect from JobManager responsible for 3c20adccace53bd864014a665a369f47.
	at org.apache.flink.runtime.taskexecutor.TaskExecutor.disconnectJobManagerConnection(TaskExecutor.java:1757)
	at org.apache.flink.runtime.taskexecutor.TaskExecutor.disconnectAndTryReconnectToJobManager(TaskExecutor.java:1299)
	at org.apache.flink.runtime.taskexecutor.TaskExecutor.access$4200(TaskExecutor.java:186)
	at org.apache.flink.runtime.taskexecutor.TaskExecutor$JobManagerHeartbeatListener.lambda$handleJobManagerConnectionLoss$0(TaskExecutor.java:2536)
	at java.util.Optional.ifPresent(Optional.java:159)
	at org.apache.flink.runtime.taskexecutor.TaskExecutor$JobManagerHeartbeatListener.handleJobManagerConnectionLoss(TaskExecutor.java:2534)
	at org.apache.flink.runtime.taskexecutor.TaskExecutor$JobManagerHeartbeatListener.notifyHeartbeatTimeout(TaskExecutor.java:2517)
	at org.apache.flink.runtime.heartbeat.DefaultHeartbeatMonitor.run(DefaultHeartbeatMonitor.java:158)
	at java.util.concurrent.Executors$RunnableAdapter.call(Executors.java:511)
	at java.util.concurrent.FutureTask.run(FutureTask.java:266)
	at org.apache.flink.runtime.rpc.akka.AkkaRpcActor.lambda$handleRunAsync$4(AkkaRpcActor.java:453)
	at org.apache.flink.runtime.concurrent.akka.ClassLoadingUtils.runWithContextClassLoader(ClassLoadingUtils.java:68)
	at org.apache.flink.runtime.rpc.akka.AkkaRpcActor.handleRunAsync(AkkaRpcActor.java:453)
	at org.apache.flink.runtime.rpc.akka.AkkaRpcActor.handleRpcMessage(AkkaRpcActor.java:218)
	at org.apache.flink.runtime.rpc.akka.AkkaRpcActor.handleMessage(AkkaRpcActor.java:168)
	at akka.japi.pf.UnitCaseStatement.apply(CaseStatements.scala:24)
	at akka.japi.pf.UnitCaseStatement.apply(CaseStatements.scala:20)
	at scala.PartialFunction.applyOrElse(PartialFunction.scala:127)
	at scala.PartialFunction.applyOrElse$(PartialFunction.scala:126)
	at akka.japi.pf.UnitCaseStatement.applyOrElse(CaseStatements.scala:20)
	at scala.PartialFunction$OrElse.applyOrElse(PartialFunction.scala:175)
	at scala.PartialFunction$OrElse.applyOrElse(PartialFunction.scala:176)
	at scala.PartialFunction$OrElse.applyOrElse(PartialFunction.scala:176)
	at akka.actor.Actor.aroundReceive(Actor.scala:537)
	at akka.actor.Actor.aroundReceive$(Actor.scala:535)
	at akka.actor.AbstractActor.aroundReceive(AbstractActor.scala:220)
	at akka.actor.ActorCell.receiveMessage(ActorCell.scala:579)
	at akka.actor.ActorCell.invoke(ActorCell.scala:547)
	at akka.dispatch.Mailbox.processMailbox(Mailbox.scala:270)
	at akka.dispatch.Mailbox.run(Mailbox.scala:231)
	at akka.dispatch.Mailbox.exec(Mailbox.scala:243)
	at java.util.concurrent.ForkJoinTask.doExec(ForkJoinTask.java:289)
	at java.util.concurrent.ForkJoinPool$WorkQueue.runTask(ForkJoinPool.java:1056)
	at java.util.concurrent.ForkJoinPool.runWorker(ForkJoinPool.java:1692)
	at java.util.concurrent.ForkJoinWorkerThread.run(ForkJoinWorkerThread.java:157)
Caused by: java.util.concurrent.TimeoutException: The heartbeat of JobManager with id 5a807c4e6473b088a1564000cca6abc9 timed out.
	... 29 common frames omitted
2024-08-14 22:06:30.837 WARN  org.apache.flink.runtime.taskmanager.Task - Keyed Aggregation -> Sink: Print to Std. Out (1/2)#0 (30d73eee5b27e1ff0d20c37c0b058da4_e70bbd798b564e0a50e10e343f1ac56b_0_0) switched from RUNNING to FAILED with failure cause:
org.apache.flink.util.FlinkException: Disconnect from JobManager responsible for 3c20adccace53bd864014a665a369f47.
	at org.apache.flink.runtime.taskexecutor.TaskExecutor.disconnectJobManagerConnection(TaskExecutor.java:1757)
	at org.apache.flink.runtime.taskexecutor.TaskExecutor.disconnectAndTryReconnectToJobManager(TaskExecutor.java:1299)
	at org.apache.flink.runtime.taskexecutor.TaskExecutor.access$4200(TaskExecutor.java:186)
	at org.apache.flink.runtime.taskexecutor.TaskExecutor$JobManagerHeartbeatListener.lambda$handleJobManagerConnectionLoss$0(TaskExecutor.java:2536)
	at java.util.Optional.ifPresent(Optional.java:159)
	at org.apache.flink.runtime.taskexecutor.TaskExecutor$JobManagerHeartbeatListener.handleJobManagerConnectionLoss(TaskExecutor.java:2534)
	at org.apache.flink.runtime.taskexecutor.TaskExecutor$JobManagerHeartbeatListener.notifyHeartbeatTimeout(TaskExecutor.java:2517)
	at org.apache.flink.runtime.heartbeat.DefaultHeartbeatMonitor.run(DefaultHeartbeatMonitor.java:158)
	at java.util.concurrent.Executors$RunnableAdapter.call(Executors.java:511)
	at java.util.concurrent.FutureTask.run(FutureTask.java:266)
	at org.apache.flink.runtime.rpc.akka.AkkaRpcActor.lambda$handleRunAsync$4(AkkaRpcActor.java:453)
	at org.apache.flink.runtime.concurrent.akka.ClassLoadingUtils.runWithContextClassLoader(ClassLoadingUtils.java:68)
	at org.apache.flink.runtime.rpc.akka.AkkaRpcActor.handleRunAsync(AkkaRpcActor.java:453)
	at org.apache.flink.runtime.rpc.akka.AkkaRpcActor.handleRpcMessage(AkkaRpcActor.java:218)
	at org.apache.flink.runtime.rpc.akka.AkkaRpcActor.handleMessage(AkkaRpcActor.java:168)
	at akka.japi.pf.UnitCaseStatement.apply(CaseStatements.scala:24)
	at akka.japi.pf.UnitCaseStatement.apply(CaseStatements.scala:20)
	at scala.PartialFunction.applyOrElse(PartialFunction.scala:127)
	at scala.PartialFunction.applyOrElse$(PartialFunction.scala:126)
	at akka.japi.pf.UnitCaseStatement.applyOrElse(CaseStatements.scala:20)
	at scala.PartialFunction$OrElse.applyOrElse(PartialFunction.scala:175)
	at scala.PartialFunction$OrElse.applyOrElse(PartialFunction.scala:176)
	at scala.PartialFunction$OrElse.applyOrElse(PartialFunction.scala:176)
	at akka.actor.Actor.aroundReceive(Actor.scala:537)
	at akka.actor.Actor.aroundReceive$(Actor.scala:535)
	at akka.actor.AbstractActor.aroundReceive(AbstractActor.scala:220)
	at akka.actor.ActorCell.receiveMessage(ActorCell.scala:579)
	at akka.actor.ActorCell.invoke(ActorCell.scala:547)
	at akka.dispatch.Mailbox.processMailbox(Mailbox.scala:270)
	at akka.dispatch.Mailbox.run(Mailbox.scala:231)
	at akka.dispatch.Mailbox.exec(Mailbox.scala:243)
	at java.util.concurrent.ForkJoinTask.doExec(ForkJoinTask.java:289)
	at java.util.concurrent.ForkJoinPool$WorkQueue.runTask(ForkJoinPool.java:1056)
	at java.util.concurrent.ForkJoinPool.runWorker(ForkJoinPool.java:1692)
	at java.util.concurrent.ForkJoinWorkerThread.run(ForkJoinWorkerThread.java:157)
Caused by: java.util.concurrent.TimeoutException: The heartbeat of JobManager with id 5a807c4e6473b088a1564000cca6abc9 timed out.
	... 29 common frames omitted
2024-08-14 22:06:30.840 WARN  org.apache.flink.runtime.taskmanager.Task - Map (1/2)#0 (30d73eee5b27e1ff0d20c37c0b058da4_0a448493b4782967b150582570326227_0_0) switched from RUNNING to FAILED with failure cause:
org.apache.flink.util.FlinkException: Disconnect from JobManager responsible for 3c20adccace53bd864014a665a369f47.
	at org.apache.flink.runtime.taskexecutor.TaskExecutor.disconnectJobManagerConnection(TaskExecutor.java:1757)
	at org.apache.flink.runtime.taskexecutor.TaskExecutor.disconnectAndTryReconnectToJobManager(TaskExecutor.java:1299)
	at org.apache.flink.runtime.taskexecutor.TaskExecutor.access$4200(TaskExecutor.java:186)
	at org.apache.flink.runtime.taskexecutor.TaskExecutor$JobManagerHeartbeatListener.lambda$handleJobManagerConnectionLoss$0(TaskExecutor.java:2536)
	at java.util.Optional.ifPresent(Optional.java:159)
	at org.apache.flink.runtime.taskexecutor.TaskExecutor$JobManagerHeartbeatListener.handleJobManagerConnectionLoss(TaskExecutor.java:2534)
	at org.apache.flink.runtime.taskexecutor.TaskExecutor$JobManagerHeartbeatListener.notifyHeartbeatTimeout(TaskExecutor.java:2517)
	at org.apache.flink.runtime.heartbeat.DefaultHeartbeatMonitor.run(DefaultHeartbeatMonitor.java:158)
	at java.util.concurrent.Executors$RunnableAdapter.call(Executors.java:511)
	at java.util.concurrent.FutureTask.run(FutureTask.java:266)
	at org.apache.flink.runtime.rpc.akka.AkkaRpcActor.lambda$handleRunAsync$4(AkkaRpcActor.java:453)
	at org.apache.flink.runtime.concurrent.akka.ClassLoadingUtils.runWithContextClassLoader(ClassLoadingUtils.java:68)
	at org.apache.flink.runtime.rpc.akka.AkkaRpcActor.handleRunAsync(AkkaRpcActor.java:453)
	at org.apache.flink.runtime.rpc.akka.AkkaRpcActor.handleRpcMessage(AkkaRpcActor.java:218)
	at org.apache.flink.runtime.rpc.akka.AkkaRpcActor.handleMessage(AkkaRpcActor.java:168)
	at akka.japi.pf.UnitCaseStatement.apply(CaseStatements.scala:24)
	at akka.japi.pf.UnitCaseStatement.apply(CaseStatements.scala:20)
	at scala.PartialFunction.applyOrElse(PartialFunction.scala:127)
	at scala.PartialFunction.applyOrElse$(PartialFunction.scala:126)
	at akka.japi.pf.UnitCaseStatement.applyOrElse(CaseStatements.scala:20)
	at scala.PartialFunction$OrElse.applyOrElse(PartialFunction.scala:175)
	at scala.PartialFunction$OrElse.applyOrElse(PartialFunction.scala:176)
	at scala.PartialFunction$OrElse.applyOrElse(PartialFunction.scala:176)
	at akka.actor.Actor.aroundReceive(Actor.scala:537)
	at akka.actor.Actor.aroundReceive$(Actor.scala:535)
	at akka.actor.AbstractActor.aroundReceive(AbstractActor.scala:220)
	at akka.actor.ActorCell.receiveMessage(ActorCell.scala:579)
	at akka.actor.ActorCell.invoke(ActorCell.scala:547)
	at akka.dispatch.Mailbox.processMailbox(Mailbox.scala:270)
	at akka.dispatch.Mailbox.run(Mailbox.scala:231)
	at akka.dispatch.Mailbox.exec(Mailbox.scala:243)
	at java.util.concurrent.ForkJoinTask.doExec(ForkJoinTask.java:289)
	at java.util.concurrent.ForkJoinPool$WorkQueue.runTask(ForkJoinPool.java:1056)
	at java.util.concurrent.ForkJoinPool.runWorker(ForkJoinPool.java:1692)
	at java.util.concurrent.ForkJoinWorkerThread.run(ForkJoinWorkerThread.java:157)
Caused by: java.util.concurrent.TimeoutException: The heartbeat of JobManager with id 5a807c4e6473b088a1564000cca6abc9 timed out.
	... 29 common frames omitted
2024-08-14 22:06:30.841 WARN  org.apache.flink.runtime.taskmanager.Task - Map (2/2)#0 (30d73eee5b27e1ff0d20c37c0b058da4_0a448493b4782967b150582570326227_1_0) switched from RUNNING to FAILED with failure cause:
org.apache.flink.util.FlinkException: Disconnect from JobManager responsible for 3c20adccace53bd864014a665a369f47.
	at org.apache.flink.runtime.taskexecutor.TaskExecutor.disconnectJobManagerConnection(TaskExecutor.java:1757)
	at org.apache.flink.runtime.taskexecutor.TaskExecutor.disconnectAndTryReconnectToJobManager(TaskExecutor.java:1299)
	at org.apache.flink.runtime.taskexecutor.TaskExecutor.access$4200(TaskExecutor.java:186)
	at org.apache.flink.runtime.taskexecutor.TaskExecutor$JobManagerHeartbeatListener.lambda$handleJobManagerConnectionLoss$0(TaskExecutor.java:2536)
	at java.util.Optional.ifPresent(Optional.java:159)
	at org.apache.flink.runtime.taskexecutor.TaskExecutor$JobManagerHeartbeatListener.handleJobManagerConnectionLoss(TaskExecutor.java:2534)
	at org.apache.flink.runtime.taskexecutor.TaskExecutor$JobManagerHeartbeatListener.notifyHeartbeatTimeout(TaskExecutor.java:2517)
	at org.apache.flink.runtime.heartbeat.DefaultHeartbeatMonitor.run(DefaultHeartbeatMonitor.java:158)
	at java.util.concurrent.Executors$RunnableAdapter.call(Executors.java:511)
	at java.util.concurrent.FutureTask.run(FutureTask.java:266)
	at org.apache.flink.runtime.rpc.akka.AkkaRpcActor.lambda$handleRunAsync$4(AkkaRpcActor.java:453)
	at org.apache.flink.runtime.concurrent.akka.ClassLoadingUtils.runWithContextClassLoader(ClassLoadingUtils.java:68)
	at org.apache.flink.runtime.rpc.akka.AkkaRpcActor.handleRunAsync(AkkaRpcActor.java:453)
	at org.apache.flink.runtime.rpc.akka.AkkaRpcActor.handleRpcMessage(AkkaRpcActor.java:218)
	at org.apache.flink.runtime.rpc.akka.AkkaRpcActor.handleMessage(AkkaRpcActor.java:168)
	at akka.japi.pf.UnitCaseStatement.apply(CaseStatements.scala:24)
	at akka.japi.pf.UnitCaseStatement.apply(CaseStatements.scala:20)
	at scala.PartialFunction.applyOrElse(PartialFunction.scala:127)
	at scala.PartialFunction.applyOrElse$(PartialFunction.scala:126)
	at akka.japi.pf.UnitCaseStatement.applyOrElse(CaseStatements.scala:20)
	at scala.PartialFunction$OrElse.applyOrElse(PartialFunction.scala:175)
	at scala.PartialFunction$OrElse.applyOrElse(PartialFunction.scala:176)
	at scala.PartialFunction$OrElse.applyOrElse(PartialFunction.scala:176)
	at akka.actor.Actor.aroundReceive(Actor.scala:537)
	at akka.actor.Actor.aroundReceive$(Actor.scala:535)
	at akka.actor.AbstractActor.aroundReceive(AbstractActor.scala:220)
	at akka.actor.ActorCell.receiveMessage(ActorCell.scala:579)
	at akka.actor.ActorCell.invoke(ActorCell.scala:547)
	at akka.dispatch.Mailbox.processMailbox(Mailbox.scala:270)
	at akka.dispatch.Mailbox.run(Mailbox.scala:231)
	at akka.dispatch.Mailbox.exec(Mailbox.scala:243)
	at java.util.concurrent.ForkJoinTask.doExec(ForkJoinTask.java:289)
	at java.util.concurrent.ForkJoinPool$WorkQueue.runTask(ForkJoinPool.java:1056)
	at java.util.concurrent.ForkJoinPool.runWorker(ForkJoinPool.java:1692)
	at java.util.concurrent.ForkJoinWorkerThread.run(ForkJoinWorkerThread.java:157)
Caused by: java.util.concurrent.TimeoutException: The heartbeat of JobManager with id 5a807c4e6473b088a1564000cca6abc9 timed out.
	... 29 common frames omitted
2024-08-14 22:06:30.843 WARN  org.apache.flink.runtime.taskmanager.Task - Keyed Aggregation -> Sink: Print to Std. Out (2/2)#0 (30d73eee5b27e1ff0d20c37c0b058da4_e70bbd798b564e0a50e10e343f1ac56b_1_0) switched from RUNNING to FAILED with failure cause:
org.apache.flink.util.FlinkException: Disconnect from JobManager responsible for 3c20adccace53bd864014a665a369f47.
	at org.apache.flink.runtime.taskexecutor.TaskExecutor.disconnectJobManagerConnection(TaskExecutor.java:1757)
	at org.apache.flink.runtime.taskexecutor.TaskExecutor.disconnectAndTryReconnectToJobManager(TaskExecutor.java:1299)
	at org.apache.flink.runtime.taskexecutor.TaskExecutor.access$4200(TaskExecutor.java:186)
	at org.apache.flink.runtime.taskexecutor.TaskExecutor$JobManagerHeartbeatListener.lambda$handleJobManagerConnectionLoss$0(TaskExecutor.java:2536)
	at java.util.Optional.ifPresent(Optional.java:159)
	at org.apache.flink.runtime.taskexecutor.TaskExecutor$JobManagerHeartbeatListener.handleJobManagerConnectionLoss(TaskExecutor.java:2534)
	at org.apache.flink.runtime.taskexecutor.TaskExecutor$JobManagerHeartbeatListener.notifyHeartbeatTimeout(TaskExecutor.java:2517)
	at org.apache.flink.runtime.heartbeat.DefaultHeartbeatMonitor.run(DefaultHeartbeatMonitor.java:158)
	at java.util.concurrent.Executors$RunnableAdapter.call(Executors.java:511)
	at java.util.concurrent.FutureTask.run(FutureTask.java:266)
	at org.apache.flink.runtime.rpc.akka.AkkaRpcActor.lambda$handleRunAsync$4(AkkaRpcActor.java:453)
	at org.apache.flink.runtime.concurrent.akka.ClassLoadingUtils.runWithContextClassLoader(ClassLoadingUtils.java:68)
	at org.apache.flink.runtime.rpc.akka.AkkaRpcActor.handleRunAsync(AkkaRpcActor.java:453)
	at org.apache.flink.runtime.rpc.akka.AkkaRpcActor.handleRpcMessage(AkkaRpcActor.java:218)
	at org.apache.flink.runtime.rpc.akka.AkkaRpcActor.handleMessage(AkkaRpcActor.java:168)
	at akka.japi.pf.UnitCaseStatement.apply(CaseStatements.scala:24)
	at akka.japi.pf.UnitCaseStatement.apply(CaseStatements.scala:20)
	at scala.PartialFunction.applyOrElse(PartialFunction.scala:127)
	at scala.PartialFunction.applyOrElse$(PartialFunction.scala:126)
	at akka.japi.pf.UnitCaseStatement.applyOrElse(CaseStatements.scala:20)
	at scala.PartialFunction$OrElse.applyOrElse(PartialFunction.scala:175)
	at scala.PartialFunction$OrElse.applyOrElse(PartialFunction.scala:176)
	at scala.PartialFunction$OrElse.applyOrElse(PartialFunction.scala:176)
	at akka.actor.Actor.aroundReceive(Actor.scala:537)
	at akka.actor.Actor.aroundReceive$(Actor.scala:535)
	at akka.actor.AbstractActor.aroundReceive(AbstractActor.scala:220)
	at akka.actor.ActorCell.receiveMessage(ActorCell.scala:579)
	at akka.actor.ActorCell.invoke(ActorCell.scala:547)
	at akka.dispatch.Mailbox.processMailbox(Mailbox.scala:270)
	at akka.dispatch.Mailbox.run(Mailbox.scala:231)
	at akka.dispatch.Mailbox.exec(Mailbox.scala:243)
	at java.util.concurrent.ForkJoinTask.doExec(ForkJoinTask.java:289)
	at java.util.concurrent.ForkJoinPool$WorkQueue.runTask(ForkJoinPool.java:1056)
	at java.util.concurrent.ForkJoinPool.runWorker(ForkJoinPool.java:1692)
	at java.util.concurrent.ForkJoinWorkerThread.run(ForkJoinWorkerThread.java:157)
Caused by: java.util.concurrent.TimeoutException: The heartbeat of JobManager with id 5a807c4e6473b088a1564000cca6abc9 timed out.
	... 29 common frames omitted
2024-08-14 22:06:30.857 WARN  org.apache.flink.runtime.checkpoint.CheckpointFailureManager - Failed to trigger or complete checkpoint 482 for job 3c20adccace53bd864014a665a369f47. (0 consecutive failed attempts so far)
org.apache.flink.runtime.checkpoint.CheckpointException: Checkpoint Coordinator is suspending.
	at org.apache.flink.runtime.checkpoint.CheckpointCoordinator.stopCheckpointScheduler(CheckpointCoordinator.java:1977)
	at org.apache.flink.runtime.checkpoint.CheckpointCoordinatorDeActivator.jobStatusChanges(CheckpointCoordinatorDeActivator.java:46)
	at org.apache.flink.runtime.executiongraph.DefaultExecutionGraph.notifyJobStatusChange(DefaultExecutionGraph.java:1608)
	at org.apache.flink.runtime.executiongraph.DefaultExecutionGraph.transitionState(DefaultExecutionGraph.java:1174)
	at org.apache.flink.runtime.executiongraph.DefaultExecutionGraph.transitionState(DefaultExecutionGraph.java:1146)
	at org.apache.flink.runtime.scheduler.SchedulerBase.transitionExecutionGraphState(SchedulerBase.java:581)
	at org.apache.flink.runtime.scheduler.DefaultScheduler.addVerticesToRestartPending(DefaultScheduler.java:364)
	at org.apache.flink.runtime.scheduler.DefaultScheduler.restartTasksWithDelay(DefaultScheduler.java:336)
	at org.apache.flink.runtime.scheduler.DefaultScheduler.maybeRestartTasks(DefaultScheduler.java:307)
	at org.apache.flink.runtime.scheduler.DefaultScheduler.handleTaskFailure(DefaultScheduler.java:249)
	at org.apache.flink.runtime.scheduler.DefaultScheduler.onTaskFailed(DefaultScheduler.java:242)
	at org.apache.flink.runtime.scheduler.SchedulerBase.onTaskExecutionStateUpdate(SchedulerBase.java:748)
	at org.apache.flink.runtime.scheduler.SchedulerBase.updateTaskExecutionState(SchedulerBase.java:725)
	at org.apache.flink.runtime.scheduler.UpdateSchedulerNgOnInternalFailuresListener.notifyTaskFailure(UpdateSchedulerNgOnInternalFailuresListener.java:51)
	at org.apache.flink.runtime.executiongraph.DefaultExecutionGraph.notifySchedulerNgAboutInternalTaskFailure(DefaultExecutionGraph.java:1664)
	at org.apache.flink.runtime.executiongraph.Execution.processFail(Execution.java:1140)
	at org.apache.flink.runtime.executiongraph.Execution.processFail(Execution.java:1080)
	at org.apache.flink.runtime.executiongraph.Execution.fail(Execution.java:781)
	at org.apache.flink.runtime.jobmaster.slotpool.SingleLogicalSlot.signalPayloadRelease(SingleLogicalSlot.java:195)
	at org.apache.flink.runtime.jobmaster.slotpool.SingleLogicalSlot.release(SingleLogicalSlot.java:182)
	at org.apache.flink.runtime.scheduler.SharedSlot.lambda$release$4(SharedSlot.java:270)
	at java.util.concurrent.CompletableFuture.uniAccept(CompletableFuture.java:656)
	at java.util.concurrent.CompletableFuture.uniAcceptStage(CompletableFuture.java:669)
	at java.util.concurrent.CompletableFuture.thenAccept(CompletableFuture.java:1997)
	at org.apache.flink.runtime.scheduler.SharedSlot.release(SharedSlot.java:270)
	at org.apache.flink.runtime.jobmaster.slotpool.AllocatedSlot.releasePayload(AllocatedSlot.java:152)
	at org.apache.flink.runtime.jobmaster.slotpool.DefaultDeclarativeSlotPool.releasePayload(DefaultDeclarativeSlotPool.java:483)
	at org.apache.flink.runtime.jobmaster.slotpool.DefaultDeclarativeSlotPool.freeAndReleaseSlots(DefaultDeclarativeSlotPool.java:475)
	at org.apache.flink.runtime.jobmaster.slotpool.DefaultDeclarativeSlotPool.releaseSlots(DefaultDeclarativeSlotPool.java:446)
	at org.apache.flink.runtime.jobmaster.slotpool.DeclarativeSlotPoolService.internalReleaseTaskManager(DeclarativeSlotPoolService.java:275)
	at org.apache.flink.runtime.jobmaster.slotpool.DeclarativeSlotPoolService.releaseTaskManager(DeclarativeSlotPoolService.java:231)
	at org.apache.flink.runtime.jobmaster.JobMaster.disconnectTaskManager(JobMaster.java:535)
	at org.apache.flink.runtime.jobmaster.JobMaster$TaskManagerHeartbeatListener.handleTaskManagerConnectionLoss(JobMaster.java:1438)
	at org.apache.flink.runtime.jobmaster.JobMaster$TaskManagerHeartbeatListener.notifyHeartbeatTimeout(JobMaster.java:1433)
	at org.apache.flink.runtime.heartbeat.DefaultHeartbeatMonitor.run(DefaultHeartbeatMonitor.java:158)
	at java.util.concurrent.Executors$RunnableAdapter.call(Executors.java:511)
	at java.util.concurrent.FutureTask.run(FutureTask.java:266)
	at org.apache.flink.runtime.rpc.akka.AkkaRpcActor.lambda$handleRunAsync$4(AkkaRpcActor.java:453)
	at org.apache.flink.runtime.concurrent.akka.ClassLoadingUtils.runWithContextClassLoader(ClassLoadingUtils.java:68)
	at org.apache.flink.runtime.rpc.akka.AkkaRpcActor.handleRunAsync(AkkaRpcActor.java:453)
	at org.apache.flink.runtime.rpc.akka.AkkaRpcActor.handleRpcMessage(AkkaRpcActor.java:218)
	at org.apache.flink.runtime.rpc.akka.FencedAkkaRpcActor.handleRpcMessage(FencedAkkaRpcActor.java:84)
	at org.apache.flink.runtime.rpc.akka.AkkaRpcActor.handleMessage(AkkaRpcActor.java:168)
	at akka.japi.pf.UnitCaseStatement.apply(CaseStatements.scala:24)
	at akka.japi.pf.UnitCaseStatement.apply(CaseStatements.scala:20)
	at scala.PartialFunction.applyOrElse(PartialFunction.scala:127)
	at scala.PartialFunction.applyOrElse$(PartialFunction.scala:126)
	at akka.japi.pf.UnitCaseStatement.applyOrElse(CaseStatements.scala:20)
	at scala.PartialFunction$OrElse.applyOrElse(PartialFunction.scala:175)
	at scala.PartialFunction$OrElse.applyOrElse(PartialFunction.scala:176)
	at scala.PartialFunction$OrElse.applyOrElse(PartialFunction.scala:176)
	at akka.actor.Actor.aroundReceive(Actor.scala:537)
	at akka.actor.Actor.aroundReceive$(Actor.scala:535)
	at akka.actor.AbstractActor.aroundReceive(AbstractActor.scala:220)
	at akka.actor.ActorCell.receiveMessage(ActorCell.scala:579)
	at akka.actor.ActorCell.invoke(ActorCell.scala:547)
	at akka.dispatch.Mailbox.processMailbox(Mailbox.scala:270)
	at akka.dispatch.Mailbox.run(Mailbox.scala:231)
	at akka.dispatch.Mailbox.exec(Mailbox.scala:243)
	at java.util.concurrent.ForkJoinTask.doExec(ForkJoinTask.java:289)
	at java.util.concurrent.ForkJoinPool$WorkQueue.runTask(ForkJoinPool.java:1056)
	at java.util.concurrent.ForkJoinPool.runWorker(ForkJoinPool.java:1692)
	at java.util.concurrent.ForkJoinWorkerThread.run(ForkJoinWorkerThread.java:157)
2024-08-14 22:06:31.906 WARN  org.apache.flink.runtime.taskmanager.TaskManagerLocation - No hostname could be resolved for the IP address 127.0.0.1, using IP address as host name. Local input split assignment (such as for HDFS files) may be impacted.
2024-08-14 22:42:17.808 WARN  org.apache.flink.runtime.taskmanager.TaskManagerLocation - No hostname could be resolved for the IP address 127.0.0.1, using IP address as host name. Local input split assignment (such as for HDFS files) may be impacted.
