2024-07-10 22:26:15.768 WARN  org.apache.flink.runtime.util.HadoopUtils - Could not find Hadoop configuration via any of the supported methods (Flink configuration, environment variables).
2024-07-10 22:26:15.782 WARN  org.apache.flink.runtime.util.HadoopUtils - Could not find Hadoop configuration via any of the supported methods (Flink configuration, environment variables).
2024-07-10 22:26:16.048 WARN  org.apache.flink.runtime.security.token.DefaultDelegationTokenManager - No tokens obtained so skipping notifications
2024-07-10 22:26:16.936 WARN  org.apache.flink.runtime.webmonitor.WebMonitorUtils - Log file environment variable 'log.file' is not set.
2024-07-10 22:26:16.938 WARN  org.apache.flink.runtime.webmonitor.WebMonitorUtils - JobManager log files are unavailable in the web dashboard. Log file location not found in environment variable 'log.file' or configuration key 'web.log.path'.
2024-07-10 22:26:18.600 WARN  org.apache.flink.runtime.security.token.DefaultDelegationTokenManager - No tokens obtained so skipping notifications
2024-07-10 22:26:18.600 WARN  org.apache.flink.runtime.security.token.DefaultDelegationTokenManager - Tokens update task not started because either no tokens obtained or none of the tokens specified its renewal date
2024-07-10 22:46:09.565 WARN  org.apache.flink.runtime.util.HadoopUtils - Could not find Hadoop configuration via any of the supported methods (Flink configuration, environment variables).
2024-07-10 22:46:09.577 WARN  org.apache.flink.runtime.util.HadoopUtils - Could not find Hadoop configuration via any of the supported methods (Flink configuration, environment variables).
2024-07-10 22:46:09.831 WARN  org.apache.flink.runtime.security.token.DefaultDelegationTokenManager - No tokens obtained so skipping notifications
2024-07-10 22:46:10.530 WARN  org.apache.flink.runtime.webmonitor.WebMonitorUtils - Log file environment variable 'log.file' is not set.
2024-07-10 22:46:10.532 WARN  org.apache.flink.runtime.webmonitor.WebMonitorUtils - JobManager log files are unavailable in the web dashboard. Log file location not found in environment variable 'log.file' or configuration key 'web.log.path'.
2024-07-10 22:46:12.149 WARN  org.apache.flink.runtime.security.token.DefaultDelegationTokenManager - No tokens obtained so skipping notifications
2024-07-10 22:46:12.150 WARN  org.apache.flink.runtime.security.token.DefaultDelegationTokenManager - Tokens update task not started because either no tokens obtained or none of the tokens specified its renewal date
2024-07-10 22:49:52.564 WARN  org.apache.flink.runtime.taskmanager.Task - Source: Socket Stream (1/1)#0 (a710d29d8bb4a8a95a8884779ce8c7d1_bc764cd8ddf7a0cff126f51c16239658_0_0) switched from RUNNING to FAILED with failure cause:
java.net.SocketException: Connection reset
	at java.net.SocketInputStream.read(SocketInputStream.java:210)
	at java.net.SocketInputStream.read(SocketInputStream.java:141)
	at sun.nio.cs.StreamDecoder.readBytes(StreamDecoder.java:284)
	at sun.nio.cs.StreamDecoder.implRead(StreamDecoder.java:326)
	at sun.nio.cs.StreamDecoder.read(StreamDecoder.java:178)
	at java.io.InputStreamReader.read(InputStreamReader.java:184)
	at java.io.BufferedReader.read1(BufferedReader.java:210)
	at java.io.BufferedReader.read(BufferedReader.java:286)
	at java.io.Reader.read(Reader.java:140)
	at org.apache.flink.streaming.api.functions.source.SocketTextStreamFunction.run(SocketTextStreamFunction.java:110)
	at org.apache.flink.streaming.api.operators.StreamSource.run(StreamSource.java:110)
	at org.apache.flink.streaming.api.operators.StreamSource.run(StreamSource.java:67)
	at org.apache.flink.streaming.runtime.tasks.SourceStreamTask$LegacySourceFunctionThread.run(SourceStreamTask.java:333)
2024-07-10 22:49:52.670 WARN  org.apache.flink.runtime.taskmanager.TaskManagerLocation - No hostname could be resolved for the IP address 127.0.0.1, using IP address as host name. Local input split assignment (such as for HDFS files) may be impacted.
