2024-06-08 11:07:58.930 ERROR org.apache.flink.runtime.source.coordinator.SourceCoordinatorContext - Exception while handling result from async call in SourceCoordinator-Source: kafka-source. Triggering job failover.
org.apache.flink.util.FlinkRuntimeException: Failed to list subscribed topic partitions due to 
	at org.apache.flink.connector.kafka.source.enumerator.KafkaSourceEnumerator.checkPartitionChanges(KafkaSourceEnumerator.java:234)
	at org.apache.flink.runtime.source.coordinator.ExecutorNotifier.lambda$null$1(ExecutorNotifier.java:83)
	at org.apache.flink.util.ThrowableCatchingRunnable.run(ThrowableCatchingRunnable.java:40)
	at java.util.concurrent.Executors$RunnableAdapter.call(Executors.java:511)
	at java.util.concurrent.FutureTask.run(FutureTask.java:266)
	at java.util.concurrent.ScheduledThreadPoolExecutor$ScheduledFutureTask.access$201(ScheduledThreadPoolExecutor.java:180)
	at java.util.concurrent.ScheduledThreadPoolExecutor$ScheduledFutureTask.run(ScheduledThreadPoolExecutor.java:293)
	at java.util.concurrent.ThreadPoolExecutor.runWorker(ThreadPoolExecutor.java:1149)
	at java.util.concurrent.ThreadPoolExecutor$Worker.run(ThreadPoolExecutor.java:624)
	at java.lang.Thread.run(Thread.java:748)
Caused by: java.lang.RuntimeException: Failed to get metadata for topics [flink_test].
	at org.apache.flink.connector.kafka.source.enumerator.subscriber.KafkaSubscriberUtils.getTopicMetadata(KafkaSubscriberUtils.java:47)
	at org.apache.flink.connector.kafka.source.enumerator.subscriber.TopicListSubscriber.getSubscribedTopicPartitions(TopicListSubscriber.java:52)
	at org.apache.flink.connector.kafka.source.enumerator.KafkaSourceEnumerator.getSubscribedTopicPartitions(KafkaSourceEnumerator.java:219)
	at org.apache.flink.runtime.source.coordinator.ExecutorNotifier.lambda$notifyReadyAsync$2(ExecutorNotifier.java:80)
	... 7 common frames omitted
Caused by: java.util.concurrent.ExecutionException: org.apache.kafka.common.errors.TimeoutException: Timed out waiting for a node assignment. Call: describeTopics
	at java.util.concurrent.CompletableFuture.reportGet(CompletableFuture.java:357)
	at java.util.concurrent.CompletableFuture.get(CompletableFuture.java:1895)
	at org.apache.kafka.common.internals.KafkaFutureImpl.get(KafkaFutureImpl.java:165)
	at org.apache.flink.connector.kafka.source.enumerator.subscriber.KafkaSubscriberUtils.getTopicMetadata(KafkaSubscriberUtils.java:44)
	... 10 common frames omitted
Caused by: org.apache.kafka.common.errors.TimeoutException: Timed out waiting for a node assignment. Call: describeTopics
